=~=~=~=~=~=~=~=~=~=~=~= PuTTY log 2020.07.07 21:30:49 =~=~=~=~=~=~=~=~=~=~=~=
SP(ª%MEnter setting mode success 
set rate success!!
Enter Normal Mode Success!!
CAN BUS OK!
DISABLEDISABLEDISABLEDISABLEflashState: 0
DISABLEDISABLEDISABLEDISABLEDISABLEengineState: 3D
DISABLEDISABLEDISABLEDISABLEDISABLEDISABLEDISABLEDISABLEDISABLEDISABLEDISABLEengineState: 3D
DISABLEDISABLEDISABLEDISABLEDISABLEDISABLEDISABLEDISABLEengineState: 3D
DISABLEDISABLEDISABLEDISABLEDISABLEDISABLEDISABLEDISABLEDISABLEengineState: 3D
DISABLEDISABLEDISABLEDISABLEDISABLEDISABLEDISABLEDISABLEengineState: 3D
DISABLEDISABLEDISABLEDISABLEDISABLEflashState: 0
DISABLEDISABLEDISABLEDISABLEDISABLEDISABLEDISABLEengineState: 3D
DISABLEDISABLEDISABLEDISABLEDISABLEDISABLEDISABLEDISABLEDISABLEengineState: 3D
DISABLEDISABLEDISABLEDISABLEDISABLEDISABLEDISABLEDISABLEDISABLEDISABLEengineState: 3D
DISABLEDISABLEDISABLEDISABLEDISABLEDISABLEDISABLEengineState: 3D
DISABLEDISABLEDISABLEDISABLEDISABLEDISABLEDISABLEDISABLEDISABLEDISABLEengineState: 3D
DISABLEDISABLEDISABLEDISABLEDISABLEflashState: 0
DISABLEDISABLEDISABLEDISABLEDISABLEengineState: 3D
DISABLEDISABLEDISABLEDISABLEDISABLEDISABLEDISABLEDISABLEDISABLEDISABLEengineState: 3D
DISABLEDISABLEDISABLEDISABLEDISABLEDISABLEDISABLEDISABLEDISABLEengineState: 3D
DISABLEDISABLEDISABLEDISABLEDISABLEDISABLEDISABLEDISABLEDISABLEengineState: 3D
DISABLEDISABLEDISABLEDISABLEDISABLEDISABLEDISABLEDISABLEengineState: 3D
DISABLEDISABLEDISABLEDISABLEDISABLEflashState: 0
DISABLEDISABLEDISABLEDISABLEDISABLEDISABLEDISABLEengineState: 3D
DISABLEDISABLEDISABLEDISABLEDISABLEDISABLEDISABLEDISABLEengineState: 3D
DISABLEDISABLEDISABLEDISABLEDISABLEDISABLEDISABLEDISABLEDISABLEDISABLEDISABLEengineState: 3D
DISABLEDISABLEDISABLEDISABLEDISABLEDISABLEDISABLEengineState: 3D
DISABLEDISABLEDISABLEDISABLEDISABLEDISABLEDISABLEDISABLEDISABLEDISABLEengineState: 3D
DISABLEDISABLEDISABLEDISABLEDISABLEflashState: 0
DISABLEDISABLEDISABLEDISABLEDISABLEengineState: 3D
DISABLEDISABLEDISABLEDISABLEDISABLEDISABLEDISABLEDISABLEDISABLEDISABLEengineState: 3D
DISABLEDISABLEDISABLEDISABLEDISABLEDISABLEDISABLEDISABLEDISABLEengineState: 3D
DISABLEDISABLEDISABLEDISABLEDISABLEDISABLEDISABLEDISABLEDISABLEengineState: 3D
DISABLEDISABLEDISABLEDISABLEDISABLEDISABLEDISABLEDISABLEengineState: 3D
DISABLEDISABLEDISABLEDISABLEDISABLEflashState: 0
DISABLEDISABLEDISABLEDISABLEDISABLEDISABLEDISABLEengineState: 3D
DISABLEDISABLEDISABLEDISABLEDISABLEDISABLEDISABLEDISABLEengineState: 3D
DISABLEDISABLEDISABLEDISABLEDISABLEDISABLEDISABLEDISABLEDISABLEDISABLEDISABLEengineState: 3D
DISABLEDISABLEDISABLEDISABLEDISABLEDISABLEDISABLEengineState: 3D
DISABLEDISABLEDISABLEDISABLEDISABLEDISABLEDISABLEDISABLEDISABLEDISABLEengineState: 3D
DISABLEDISABLEDISABLEDISABLEDISABLEflashState: 0
DISABLEDISABLEDISABLEDISABLEDISABLEengineState: 3D
DISABLEDISABLEDISABLEDISABLEDISABLEDISABLEDISABLEDISABLEDISABLEDISABLEengineState: 3D
DISABLEDISABLEDISABLEDISABLEDISABLEDISABLEDISABLEDISABLEDISABLEengineState: 3D
DISABLEDISABLEDISABLEDISABLEDISABLEDISABLEDISABLEDISABLEDISABLEengineState: 3D
DISABLEDISABLEDISABLEDISABLEDISABLEDISABLEDISABLEDISABLEengineState: 3D
DISABLEDISABLEDISABLEDISABLEDISABLEflashState: 0
DISABLEDISABLEDISABLEDISABLEDISABLEDISABLEDISABLEengineState: 3D
DISABLEDISABLEDISABLEDISABLEDISABLEDISABLEDISABLEDISABLEengineState: 3D
DISABLEDISABLEDISABLEDISABLEDISABLEDISABLEDISABLEDISABLEDISABLEDISABLEDISABLEengineState: 3D
DISABLEDISABLEDISABLEDISABLEDISABLEDISABLEDISABLEDISABLEengineState: 3D
DISABLEDISABLEDISABLEDISABLEDISABLEDISABLEDISABLEDISABLEDISABLEDISABLEengineState: 3D
DISABLEDISABLEDISABLEDISABLEDISABLEflashState: 0
DISABLEDISABLEDISABLEDISABLEDISABLEengineState: 3D
DISABLEDISABLEDISABLEDISABLEDISABLEDISABLEDISABLEDISABLEDISABLEDISABLEengineState: 3D
DISABLEDISABLEDISABLEDISABLEDISABLEDISABLEDISABLEDISABLEDISABLEengineState: 3D
DISABLEDISABLEDISABLEDISABLEDISABLEDISABLEDISABLEDISABLEDISABLEengineState: 3D
DISABLEDISABLEDISABLEDISABLEDISABLEDISABLEDISABLEDISABLEengineState: 3D
DISABLEDISABLEDISABLEDISABLEDISABLEflashState: 0
DISABLEDISABLEDISABLEDISABLEDISABLEDISABLEDISABLEengineState: 3D
DISABLEDISABLEDISABLEDISABLEDISABLEDISABLEDISABLEDISABLEengineState: 3D
DISABLEDISABLEDISABLEDISABLEDISABLEDISABLEDISABLEDISABLEDISABLEDISABLEDISABLEengineState: 3D
DISABLEDISABLEDISABLEDISABLEDISABLEDISABLEDISABLEengineState: 3D
DISABLEDISABLEDISABLEDISABLEDISABLEDISABLEDISABLEDISABLEDISABLEDISABLEengineState: 3D
DISABLEDISABLEDISABLEDISABLEDISABLEflashState: 0
DISABLEDISABLEDISABLEDISABLEDISABLEengineState: 3D
DISABLEDISABLEDISABLEDISABLEDISABLEDISABLEDISABLEDISABLEDISABLEDISABLEengineState: 3D
DISABLEDISABLEDISABLEDISABLEDISABLEDISABLEDISABLEDISABLEengineState: 3D
DISABLEDISABLEDISABLEDISABLEDISABLEDISABLEDISABLEDISABLEDISABLEDISABLEengineState: 3D
DISABLEDISABLEDISABLEDISABLEDISABLEDISABLEDISABLEDISABLEengineState: 3D
DISABLEDISABLEDISABLEDISABLEDISABLEflashState: 0
DISABLEDISABLEDISABLEDISABLEDISABLEDISABLEDISABLEengineState: 3D
DISABLEDISABLEDISABLEDISABLEDISABLEDISABLEDISABLEDISABLEengineState: 3D
DISABLEDISABLEDISABLEDISABLEDISABLEDISABLEDISABLEDISABLEDISABLEDISABLEengineState: 3D
DISABLEDISABLEDISABLEDISABLEDISABLEDISABLEDISABLEDISABLEengineState: 3D
DISABLEDISABLEDISABLEDISABLEDISABLEDISABLEDISABLEDISABLEDISABLEDISABLEengineState: 3D
DISABLEDISABLEDISABLEDISABLEDISABLEflashState: 0
DISABLEDISABLEDISABLEDISABLEDISABLEengineState: 3D
DISABLEDISABLEDISABLEDISABLEDISABLEDISABLEDISABLEDISABLEDISABLEDISABLEengineState: 3D
DISABLEDISABLEDISABLEDISABLEDISABLEDISABLEDISABLEDISABLEengineState: 3D
DISABLEDISABLEDISABLEDISABLEDISABLEDISABLEDISABLEDISABLEDISABLEDISABLEengineState: 3D
DISABLEDISABLEDISABLEDISABLEDISABLEDISABLEDISABLEDISABLEengineState: 3D
DISABLEDISABLEDISABLEDISABLEDISABLEflashState: 0
DISABLEDISABLEDISABLEDISABLEDISABLEDISABLEDISABLEengineState: 3D
DISABLEDISABLEDISABLEDISABLEDISABLEDISABLEDISABLEDISABLEengineState: 3D
DISABLEDISABLEDISABLEDISABLEDISABLEDISABLEDISABLEDISABLEDISABLEDISABLEengineState: 3D
DISABLEDISABLEDISABLEDISABLEDISABLEDISABLEDISABLEDISABLEengineState: 3D
DISABLEDISABLEDISABLEDISABLEDISABLEDISABLEDISABLEDISABLEDISABLEDISABLEengineState: 3D
DISABLEDISABLEDISABLEDISABLEDISABLEflashState: 0
DISABLEDISABLEDISABLEDISABLEDISABLEengineState: 3D
DISABLEDISABLEDISABLEDISABLEDISABLEDISABLEDISABLEDISABLEDISABLEDISABLEengineState: 3D
DISABLEDISABLEDISABLEDISABLEDISABLEDISABLEDISABLEDISABLEengineState: 3D
DISABLEDISABLEDISABLEDISABLEDISABLEDISABLEDISABLEDISABLEDISABLEDISABLEengineState: 3D
DISABLEDISABLEDISABLEDISABLEDISABLEDISABLEDISABLEDISABLEengineState: 3D
DISABLEDISABLEDISABLEDISABLEDISABLEflashState: 0
DISABLEDISABLEDISABLEDISABLEDISABLEDISABLEDISABLEengineState: 3D
DISABLEDISABLEDISABLEDISABLEDISABLEDISABLEDISABLEDISABLEengineState: 3D
DISABLEDISABLEDISABLEDISABLEDISABLEDISABLEDISABLEDISABLEDISABLEDISABLEengineState: 3D
DISABLEDISABLEDISABLEDISABLEDISABLEDISABLEDISABLEDISABLEengineState: 3D
DISABLEDISABLEDISABLEDISABLEDISABLEDISABLEDISABLEDISABLEDISABLEDISABLEengineState: 3D
DISABLEDISABLEDISABLEDISABLEDISABLEflashState: 0
DISABLEDISABLEDISABLEDISABLEDISABLEengineState: 3D
DISABLEDISABLEDISABLEDISABLEDISABLEDISABLEDISABLEDISABLEDISABLEDISABLEDISABLEengineState: 3D
DISABLEDISABLEDISABLEDISABLEDISABLEDISABLEDISABLEDISABLEDISABLEengineState: 3D
DISABLEDISABLEDISABLEDISABLEDISABLEDISABLEDISABLEDISABLEDISABLEDISABLEengineState: 3D
DISABLEDISABLEDISABLEDISABLEDISABLEDISABLEDISABLEDISABLEengineState: 3D
DISABLEDISABLEDISABLEDISABLEDISABLEflashState: 0
DISABLEDISABLEDISABLEDISABLEDISABLEDISABLEDISABLEengineState: 3D
DISABLEDISABLEDISABLEDISABLEDISABLEDISABLEDISABLEDISABLEengineState: 3D
DISABLEDISABLEDISABLEDISABLEDISABLEDISABLEDISABLEDISABLEDISABLEDISABLEengineState: 3D
DISABLEDISABLEDISABLEDISABLEDISABLEDISABLEDISABLEDISABLEDISABLEengineState: 3D
DISABLEDISABLEDISABLEDISABLEDISABLEDISABLEDISABLEDISABLEDISABLEDISABLEengineState: 3D
DISABLEDISABLEDISABLEDISABLEDISABLEflashState: 0
DISABLEDISABLEDISABLEDISABLEDISABLEengineState: 3D
DISABLEDISABLEDISABLEDISABLEDISABLEDISABLEDISABLEDISABLEDISABLEDISABLEengineState: 3D
DISABLEDISABLEDISABLEDISABLEDISABLEDISABLEDISABLEDISABLEengineState: 3D
DISABLEDISABLEDISABLEDISABLEDISABLEDISABLEDISABLEDISABLEDISABLEengineState: 3D
DISABLEDISABLEDISABLEDISABLEDISABLEDISABLEDISABLEDISABLEDISABLEengineState: 3D
DISABLEDISABLEDISABLEDISABLEDISABLEflashState: 0
DISABLEDISABLEDISABLEDISABLEDISABLEDISABLEDISABLEengineState: 3D
DISABLEDISABLEDISABLEDISABLEDISABLEDISABLEDISABLEDISABLEengineState: 3D
DISABLEDISABLEDISABLEDISABLEDISABLEDISABLEDISABLEDISABLEDISABLEDISABLEengineState: 3D
DISABLEDISABLEDISABLEDISABLEDISABLEDISABLEDISABLEengineState: 3D
DISABLEDISABLEDISABLEDISABLEDISABLEDISABLEDISABLEDISABLEDISABLEDISABLEDISABLEengineState: 3D
DISABLEDISABLEDISABLEDISABLEDISABLEflashState: 0
DISABLEDISABLEDISABLEDISABLEDISABLEengineState: 3D
DISABLEDISABLEDISABLEDISABLEDISABLEDISABLEDISABLEDISABLEDISABLEDISABLEengineState: 3D
DISABLEDISABLEDISABLEDISABLEDISABLEDISABLEDISABLEDISABLEengineState: 3D
DISABLEDISABLEDISABLEDISABLEDISABLEDISABLEDISABLEDISABLEDISABLEengineState: 3D
DISABLEDISABLEDISABLEDISABLEDISABLEDISABLEDISABLEDISABLEDISABLEengineState: 3D
DISABLEDISABLEDISABLEDISABLEDISABLEflashState: 0
DISABLEDISABLEDISABLEDISABLEDISABLEDISABLEDISABLEengineState: 3D
DISABLEDISABLEDISABLEDISABLEDISABLEDISABLEDISABLEDISABLEengineState: 3D
DISABLEDISABLEDISABLEDISABLEDISABLEDISABLEDISABLEDISABLEDISABLEDISABLEengineState: 3D
DISABLEDISABLEDISABLEDISABLEDISABLEDISABLEDISABLEengineState: 3D
DISABLEDISABLEDISABLEDISABLEDISABLEDISABLEDISABLEDISABLEDISABLEDISABLEDISABLEengineState: 3D
DISABLEDISABLEDISABLEDISABLEDISABLEflashState: 0
DISABLEDISABLEDISABLEDISABLEDISABLEengineState: 3D
DISABLEDISABLEDISABLEDISABLEDISABLEDISABLEDISABLEDISABLEDISABLEDISABLEengineState: 3D
DISABLEDISABLEDISABLEDISABLEDISABLEDISABLEDISABLEDISABLEengineState: 3D
DISABLEDISABLEDISABLEDISABLEDISABLEDISABLEDISABLEDISABLEDISABLEengineState: 3D
DISABLEDISABLEDISABLEDISABLEDISABLEDISABLEDISABLEDISABLEDISABLEengineState: 3D
DISABLEDISABLEDISABLEDISABLEDISABLEflashState: 0
DISABLEDISABLEDISABLEDISABLEDISABLEDISABLEDISABLEengineState: 3D
DISABLEDISABLEDISABLEDISABLEDISABLEDISABLEDISABLEDISABLEengineState: 3D
DISABLEDISABLEDISABLEDISABLEDISABLEDISABLEDISABLEDISABLEDISABLEDISABLEengineState: 3D
DISABLEDISABLEDISABLEDISABLEDISABLEDISABLEDISABLEengineState: 3D
DISABLEDISABLEDISABLEDISABLEDISABLEDISABLEDISABLEDISABLEDISABLEDISABLEDISABLEengineState: 3D
DISABLEDISABLEDISABLEDISABLEDISABLEflashState: 0
DISABLEDISABLEDISABLEDISABLEDISABLEengineState: 3D
DISABLEDISABLEDISABLEDISABLEDISABLEDISABLEDISABLEDISABLEDISABLEDISABLEengineState: 3D
DISABLEDISABLEDISABLEDISABLEDISABLEDISABLEDISABLEDISABLEengineState: 3D
DISABLEDISABLEDISABLEDISABLEDISABLEDISABLEDISABLEDISABLEDISABLEengineState: 3D
DISABLEDISABLEDISABLEDISABLEDISABLEDISABLEDISABLEDISABLEDISABLEengineState: 3D
DISABLEDISABLEDISABLEDISABLEDISABLEflashState: 0
DISABLEDISABLEDISABLEDISABLEDISABLEDISABLEDISABLEengineState: 3D
DISABLEDISABLEDISABLEDISABLEDISABLEDISABLEDISABLEDISABLEengineState: 3D
DISABLEDISABLEDISABLEDISABLEDISABLEDISABLEDISABLEDISABLEDISABLEDISABLEengineState: 3D
DISABLEDISABLEDISABLEDISABLEDISABLEDISABLEDISABLEengineState: 3D
DISABLEDISABLEDISABLEDISABLEDISABLEDISABLEDISABLEDISABLEDISABLEDISABLEDISABLEengineState: 3D
DISABLEDISABLEDISABLEDISABLEDISABLEflashState: 0
DISABLEDISABLEDISABLEDISABLEDISABLEengineState: 3D
DISABLEDISABLEDISABLEDISABLEDISABLEDISABLEDISABLEDISABLEDISABLEDISABLEengineState: 3D
DISABLEDISABLEDISABLEDISABLEDISABLEDISABLEDISABLEDISABLEengineState: 3D
DISABLEDISABLEDISABLEDISABLEDISABLEDISABLEDISABLEDISABLEDISABLEengineState: 3D
DISABLEDISABLEDISABLEDISABLEDISABLEDISABLEDISABLEDISABLEengineState: 3D
DISABLEDISABLEDISABLEDISABLEDISABLEDISABLEflashState: 0
DISABLEDISABLEDISABLEDISABLEDISABLEDISABLEDISABLEengineState: 3D
DISABLEDISABLEDISABLEDISABLEDISABLEDISABLEDISABLEDISABLEengineState: 3D
DISABLEDISABLEDISABLEDISABLEDISABLEDISABLEDISABLEDISABLEDISABLEDISABLEengineState: 3D
DISABLEDISABLEDISABLEDISABLEDISABLEDISABLEDISABLEDISABLEengineState: 3D
DISABLEDISABLEDISABLEDISABLEDISABLEDISABLEDISABLEDISABLEDISABLEDISABLEengineState: 3D
DISABLEDISABLEDISABLEDISABLEDISABLEDISABLEflashState: 0
DISABLEDISABLEDISABLEDISABLEDISABLEengineState: 3D
DISABLEDISABLEDISABLEDISABLEDISABLEDISABLEDISABLEDISABLEDISABLEDISABLEengineState: 3D
DISABLEDISABLEDISABLEDISABLEDISABLEDISABLEDISABLEDISABLEengineState: 3D
DISABLEDISABLEDISABLEDISABLEDISABLEDISABLEDISABLEDISABLEDISABLEengineState: 3D
DISABLEDISABLEDISABLEDISABLEDISABLEDISABLEDISABLEDISABLEengineState: 3D
DISABLEDISABLEDISABLEDISABLEDISABLEDISABLEflashState: 0
DISABLEDISABLEDISABLEDISABLEDISABLEDISABLEDISABLEengineState: 3D
DISABLEDISABLEDISABLEDISABLEDISABLEDISABLEDISABLEDISABLEengineState: 3D
DISABLEDISABLEDISABLEDISABLEDISABLEDISABLEDISABLEDISABLEDISABLEDISABLEengineState: 3D
DISABLEDISABLEDISABLEDISABLEDISABLEDISABLEDISABLEengineState: 3D
DISABLEDISABLEDISABLEDISABLEDISABLEDISABLEDISABLEDISABLEDISABLEDISABLEengineState: 3D
DISABLEDISABLEDISABLEDISABLEDISABLEDISABLEflashState: 0
DISABLEDISABLEDISABLEDISABLEDISABLEengineState: 3D
DISABLEDISABLEDISABLEDISABLEDISABLEDISABLEDISABLEDISABLEDISABLEDISABLEengineState: 3D
DISABLEDISABLEDISABLEDISABLEDISABLEDISABLEDISABLEDISABLEengineState: 3D
DISABLEDISABLEDISABLEDISABLEDISABLEDISABLEDISABLEDISABLEDISABLEengineState: 3D
DISABLEDISABLEDISABLEDISABLEDISABLEDISABLEDISABLEDISABLEengineState: 3D
DISABLEDISABLEDISABLEDISABLEDISABLEDISABLEflashState: 0
DISABLEDISABLEDISABLEDISABLEDISABLEDISABLEDISABLEengineState: 3D
DISABLEDISABLEDISABLEDISABLEDISABLEDISABLEDISABLEDISABLEengineState: 3D
DISABLEDISABLEDISABLEDISABLEDISABLEDISABLEDISABLEDISABLEDISABLEDISABLEengineState: 3D
DISABLEDISABLEDISABLEDISABLEDISABLEDISABLEDISABLEengineState: 3D
DISABLEDISABLEDISABLEDISABLEDISABLEDISABLEDISABLEDISABLEDISABLEDISABLEengineState: 3D
DISABLEDISABLEDISABLEDISABLEDISABLEDISABLEflashState: 0
DISABLEDISABLEDISABLEDISABLEDISABLEengineState: 3D
DISABLEDISABLEDISABLEDISABLEDISABLEDISABLEDISABLEDISABLEDISABLEDISABLEengineState: 3D
DISABLEDISABLEDISABLEDISABLEDISABLEDISABLEDISABLEDISABLEengineState: 3D
DISABLEDISABLEDISABLEDISABLEDISABLEDISABLEDISABLEDISABLEDISABLEengineState: 3D
DISABLEDISABLEDISABLEDISABLEDISABLEDISABLEDISABLEDISABLEengineState: 3D
DISABLEDISABLEDISABLEDISABLEDISABLEflashState: 0
DISABLEDISABLEDISABLEDISABLEDISABLEDISABLEDISABLEDISABLEengineState: 3D
DISABLEDISABLEDISABLEDISABLEDISABLEDISABLEDISABLEDISABLEengineState: 3D
DISABLEDISABLEDISABLEDISABLEDISABLEDISABLEDISABLEDISABLEDISABLEDISABLEengineState: 3D
DISABLEDISABLEDISABLEDISABLEDISABLEDISABLEDISABLEengineState: 3D
DISABLEDISABLEDISABLEDISABLEDISABLEDISABLEDISABLEDISABLEDISABLEDISABLEengineState: 3D
DISABLEDISABLEDISABLEDISABLEDISABLEflashState: 0
DISABLEDISABLEDISABLEDISABLEDISABLEDISABLEengineState: 3D
DISABLEDISABLEDISABLEDISABLEDISABLEDISABLEDISABLEDISABLEDISABLEDISABLEengineState: 3D
DISABLEDISABLEDISABLEDISABLEDISABLEDISABLEDISABLEDISABLEengineState: 3D
DISABLEDISABLEDISABLEDISABLEDISABLEDISABLEDISABLEDISABLEDISABLEengineState: 3D
DISABLEDISABLEDISABLEDISABLEDISABLEDISABLEDISABLEDISABLEengineState: 3D
DISABLEDISABLEDISABLEDISABLEDISABLEflashState: 0
DISABLEDISABLEDISABLEDISABLEDISABLEDISABLEDISABLEengineState: 3D
DISABLEDISABLEDISABLEDISABLEDISABLEDISABLEDISABLEDISABLEDISABLEengineState: 3D
DISABLEDISABLEDISABLEDISABLEDISABLEDISABLEDISABLEDISABLEDISABLEDISABLEengineState: 3D
DISABLEDISABLEDISABLEDISABLEDISABLEDISABLEDISABLEengineState: 3D
DISABLEDISABLEDISABLEDISABLEDISABLEDISABLEDISABLEDISABLEDISABLEDISABLEengineState: 3D
DISABLEDISABLEDISABLEDISABLEDISABLEflashState: 0
DISABLEDISABLEDISABLEDISABLEDISABLEengineState: 3D
DISABLEDISABLEDISABLEDISABLEDISABLEDISABLEDISABLEDISABLEDISABLEDISABLEDISABLEengineState: 3D
DISABLEDISABLEDISABLEDISABLEDISABLEDISABLEDISABLEDISABLEengineState: 3D
DISABLEDISABLEDISABLEDISABLEDISABLEDISABLEDISABLEDISABLEDISABLEengineState: 3D
DISABLEDISABLEDISABLEDISABLEDISABLEDISABLEDISABLEDISABLEengineState: 3D
DISABLEDISABLEDISABLEDISABLEDISABLEflashState: 0
DISABLEDISABLEDISABLEDISABLEDISABLEDISABLEDISABLEengineState: 3D
DISABLEDISABLEDISABLEDISABLEDISABLEDISABLEDISABLEDISABLEDISABLEengineState: 3D
DISABLEDISABLEDISABLEDISABLEDISABLEDISABLEDISABLEDISABLEDISABLEDISABLEengineState: 3D
DISABLEDISABLEDISABLEDISABLEDISABLEDISABLEDISABLEDISABLEengineState: 3D
DISABLEDISABLEDISABLEDISABLEDISABLEDISABLEDISABLEDISABLEDISABLEDISABLEengineState: 3D
DISABLEDISABLEDISABLEDISABLEDISABLEflashState: 0
DISABLEDISABLEDISABLEDISABLEDISABLEengineState: 3D
DISABLEDISABLEDISABLEDISABLEDISABLEDISABLEDISABLEDISABLEDISABLEDISABLEDISABLEengineState: 3D
DISABLEDISABLEDISABLEDISABLEDISABLEDISABLEDISABLEDISABLEengineState: 3D
DISABLEDISABLEDISABLEDISABLEDISABLEDISABLEDISABLEDISABLEDISABLEengineState: 3D
DISABLEDISABLEDISABLEDISABLEDISABLEDISABLEDISABLEDISABLEengineState: 3D
DISABLEDISABLEDISABLEDISABLEDISABLEflashState: 0
DISABLEDISABLEDISABLEDISABLEDISABLEDISABLEDISABLEengineState: 3D
DISABLEDISABLEDISABLEDISABLEDISABLEDISABLEDISABLEDISABLEDISABLEengineState: 3D
DISABLEDISABLEDISABLEDISABLEDISABLEDISABLEDISABLEDISABLEDISABLEDISABLEengineState: 3D
DISABLEDISABLEDISABLEDISABLEDISABLEDISABLEDISABLEengineState: 3D
DISABLEDISABLEDISABLEDISABLEDISABLEDISABLEDISABLEDISABLEDISABLEDISABLEengineState: 3D
DISABLEDISABLEDISABLEDISABLEDISABLEflashState: 0
DISABLEDISABLEDISABLEDISABLEDISABLEengineState: 3D
DISABLEDISABLEDISABLEDISABLEDISABLEDISABLEDISABLEDISABLEDISABLEDISABLEDISABLEengineState: 3D
DISABLEDISABLEDISABLEDISABLEDISABLEDISABLEDISABLEDISABLEengineState: 3D
DISABLEDISABLEDISABLEDISABLEDISABLEDISABLEDISABLEDISABLEDISABLEengineState: 3D
DISABLEDISABLEDISABLEDISABLEDISABLEDISABLEDISABLEDISABLEengineState: 3D
DISABLEDISABLEDISABLEDISABLEDISABLEflashState: 0
DISABLEDISABLEDISABLEDISABLEDISABLEDISABLEDISABLEengineState: 3D
DISABLEDISABLEDISABLEDISABLEDISABLEDISABLEDISABLEDISABLEDISABLEengineState: 3D
DISABLEDISABLEDISABLEDISABLEDISABLEDISABLEDISABLEDISABLEDISABLEDISABLEengineState: 3D
DISABLEDISABLEDISABLEDISABLEDISABLEDISABLEDISABLEengineState: 3D
DISABLEDISABLEDISABLEDISABLEDISABLEDISABLEDISABLEDISABLEDISABLEDISABLEengineState: 3D
DISABLEDISABLEDISABLEDISABLEDISABLEflashState: 0
DISABLEDISABLEDISABLEDISABLEDISABLEengineState: 3D
DISABLEDISABLEDISABLEDISABLEDISABLEDISABLEDISABLEDISABLEDISABLEDISABLEDISABLEengineState: 3D
DISABLEDISABLEDISABLEDISABLEDISABLEDISABLEDISABLEDISABLEengineState: 3D
DISABLEDISABLEDISABLEDISABLEDISABLEDISABLEDISABLEDISABLEDISABLEengineState: 3D
DISABLEDISABLEDISABLEDISABLEDISABLEDISABLEDISABLEDISABLEengineState: 3D
DISABLEDISABLEDISABLEDISABLEDISABLEflashState: 0
DISABLEDISABLEDISABLEDISABLEDISABLEDISABLEDISABLEengineState: 3D
DISABLEDISABLEDISABLEDISABLEDISABLEDISABLEDISABLEDISABLEDISABLEengineState: 3D
DISABLEDISABLEDISABLEDISABLEDI