=~=~=~=~=~=~=~=~=~=~=~= PuTTY log 2020.07.06 20:00:38 =~=~=~=~=~=~=~=~=~=~=~=
Enter setting mode success 
set rate success!!
Enter Normal Mode Success!!
CAN BUS OK!
engineRPM: 0
engineState: 0
engineRPM: 0
engineRPM: 0
engineState: 0
engineRPM: 0
engineRPM: 0
engineState: 0
engineRPM: 0
engineRPM: 0
engineState: 0
engineRPM: 0
engineRPM: 0
engineState: 0
engineRPM: 0
flashState: 0
engineRPM: 0
engineState: 0
engineRPM: 0
engineRPM: 0
engineState: 0
engineRPM: 0
engineRPM: 0
engineState: 0
engineRPM: 0
engineRPM: 0
engineState: 0
engineRPM: 0
engineRPM: 0
engineState: 0
engineRPM: 0
flashState: 0
engineRPM: 0
engineState: 0
engineRPM: 0
engineRPM: 0
engineState: 0
engineRPM: 0
engineRPM: 0
engineState: 0
engineRPM: 0
engineRPM: 0
engineState: 0
engineRPM: 0
engineRPM: 0
engineState: 0
engineRPM: 0
flashState: 0
engineRPM: 0
engineState: 0
engineRPM: 0
engineRPM: 0
engineState: 0
engineRPM: 0
engineRPM: 0
engineState: 0
engineRPM: 0
engineRPM: 0
engineState: 0
engineRPM: 0
engineRPM: 0
engineState: 0
engineRPM: 0
flashState: 0
engineRPM: 0
engineState: 0
engineRPM: 0
engineRPM: 0
engineState: 0
engineRPM: 0
engineRPM: 0
engineState: 0
engineRPM: 0
engineRPM: 0
engineState: 0
engineRPM: 0
engineRPM: 0
engineState: 0
engineRPM: 0
flashState: 0
engineRPM: 0
engineState: 0
engineRPM: 0
engineRPM: 0
engineState: 0
engineRPM: 0
engineRPM: 0
engineState: 0
engineRPM: 0
engineRPM: 0
engineState: 0
engineRPM: 0
engineRPM: 0
engineState: 0
engineRPM: 0
flashState: 0
engineRPM: 0
engineState: 0
engineRPM: 0
engineRPM: 0
engineState: 0
engineRPM: 0
engineRPM: 0
engineState: 0
engineRPM: 0
engineRPM: 0
engineState: 0
engineRPM: 0
engineRPM: 0
engineState: 0
engineRPM: 0
flashState: 0
engineRPM: 0
engineState: 0
engineRPM: 0
engineRPM: 0
engineState: 0
engineRPM: 0
engineRPM: 0
engineState: 0
engineRPM: 0
engineRPM: 0
engineState: 0
engineRPM: 0
engineRPM: 0
engineState: 0
engineRPM: 0
flashState: 0
engineRPM: 0
engineState: 0
engineRPM: 0
engineRPM: 0
engineState: 0
engineRPM: 0
engineRPM: 0
engineState: 0
engineRPM: 0
engineRPM: 0
engineState: 0
engineRPM: 0
engineRPM: 0
engineState: 0
engineRPM: 0
flashState: 0
engineRPM: 0
engineState: 0
engineRPM: 0
engineRPM: 0
engineState: 0
engineRPM: 0
engineRPM: 0
engineState: 0
engineRPM: 0
engineRPM: 0
engineState: 0
engineRPM: 0
engineRPM: 0
engineState: 0
engineRPM: 0
flashState: 0
engineRPM: 0
engineState: 0
engineRPM: 0
engineRPM: 0
engineState: 0
engineRPM: 0
engineRPM: 0
engineState: 0
engineRPM: 0
engineRPM: 0
engineState: 0
engineRPM: 0
engineRPM: 0
engineState: 0
engineRPM: 0
flashState: 0
engineRPM: 0
engineState: 0
engineRPM: 0
engineRPM: 0
engineState: 0
engineRPM: 0
engineRPM: 0
engineState: 0
engineRPM: 0
engineRPM: 0
engineState: 0
engineRPM: 0
engineRPM: 0
engineState: 0
engineRPM: 0
flashState: 0
engineRPM: 0
engineState: 0
engineRPM: 0
engineRPM: 0
engineState: 0
engineRPM: 0
engineRPM: 0
engineState: 0
engineRPM: 0
engineRPM: 0
engineState: 0
engineRPM: 0
engineRPM: 0
engineState: 0
engineRPM: 0
flashState: 0
engineRPM: 0
engineState: 0
engineRPM: 0
engineRPM: 0
engineState: 0
engineRPM: 0
engineRPM: 0
engineState: 0
engineRPM: 0
engineRPM: 0
engineState: 0
engineRPM: 0
engineRPM: 0
engineState: 0
engineRPM: 0
flashState: 0
engineRPM: 0
engineState: 0
engineRPM: 0
engineRPM: 0
engineState: 0
engineRPM: 0
engineRPM: 0
engineState: 0
engineRPM: 0
engineRPM: 0
engineState: 0
engineRPM: 0
engineRPM: 0
engineState: 0
engineRPM: 0
flashState: 0
engineRPM: 0
engineState: 0
engineRPM: 0
engineRPM: 0
engineState: 0
engineRPM: 0
engineRPM: 0
engineState: 0
engineRPM: 0
engineRPM: 0
engineState: 0
engineRPM: 0
engineRPM: 0
engineState: 0
engineRPM: 0
flashState: 0
engineRPM: 0
engineState: 0
engineRPM: 0
engineRPM: 0
engineState: 0
engineRPM: 0
engineRPM: 0
engineState: 0
engineRPM: 0
engineRPM: 0
engineState: 0
engineRPM: 0
engineRPM: 0
engineState: 0
engineRPM: 0
flashState: 0
engineRPM: 0
engineState: 0
engineRPM: 0
engineRPM: 0
engineState: 0
engineRPM: 0
engineRPM: 0
engineState: 0
engineRPM: 0
engineRPM: 0
engineState: 0
engineRPM: 0
engineRPM: 0
engineState: 0
engineRPM: 0
flashState: 0
engineRPM: 0
engineState: 0
engineRPM: 0
engineRPM: 0
engineState: 0
engineRPM: 0
engineRPM: 0
engineState: 0
engineRPM: 0
engineRPM: 0
engineState: 0
engineRPM: 0
engineRPM: 0
engineState: 0
engineRPM: 0
flashState: 0
engineRPM: 0
engineState: 0
engineRPM: 0
engineRPM: 0
engineState: 0
engineRPM: 0
engineRPM: 0
engineState: 0
engineRPM: 0
engineRPM: 0
engineState: 0
engineRPM: 0
engineRPM: 0
engineState: 0
engineRPM: 0
flashState: 0
engineRPM: 0
engineState: 0
engineRPM: 0
engineRPM: 0
engineState: 0
engineRPM: 0
engineState: 0
engineRPM: 0
engineRPM: 0
engineRPM: 0
engineState: 0
engineRPM: 0
engineState: 0
engineRPM: 0
engineRPM: 0
flashState: 0
engineState: 0
engineRPM: 0
engineRPM: 0
engineState: 0
engineRPM: 0
engineRPM: 0
engineState: 0
engineRPM: 0
engineRPM: 0
engineState: 0
engineRPM: 0
engineRPM: 0
engineState: 0
engineRPM: 0
engineRPM: 0
flashState: 0
engineState: 0
engineRPM: 0
engineRPM: 0
engineRPM: 0
engineState: 0
engineRPM: 0
engineRPM: 0
engineState: 0
engineRPM: 0
engineState: 0
engineRPM: 0
engineRPM: 0
engineState: 0
engineRPM: 0
engineRPM: 0
flashState: 0
engineState: 0
engineRPM: 0
engineRPM: 0
engineState: 0
engineRPM: 0
engineRPM: 0
engineState: 0
engineRPM: 0
engineRPM: 0
engineState: 0
engineRPM: 0
engineRPM: 0
engineState: 0
engineRPM: 0
engineRPM: 0
flashState: 0
engineState: 0
engineRPM: 0
engineRPM: 0
engineState: 0
engineRPM: 0
engineRPM: 0
engineState: 0
engineRPM: 0
engineRPM: 0
engineState: 0
engineRPM: 0
engineRPM: 0
engineState: 0
engineRPM: 0
engineRPM: 0
flashState: 0
engineState: 0
engineRPM: 0
engineRPM: 0
engineState: 0
engineRPM: 0
engineRPM: 0
engineState: 0
engineRPM: 0
engineRPM: 0
engineState: 0
engineRPM: 0
engineRPM: 0
engineState: 0
engineRPM: 0
engineRPM: 0
flashState: 0
engineState: 0
engineRPM: 0
engineRPM: 0
engineState: 0
engineRPM: 0
engineRPM: 0
engineState: 0
engineRPM: 0
engineRPM: 0
engineState: 0
engineRPM: 0
engineRPM: 0
engineState: 0
engineRPM: 0
engineRPM: 0
flashState: 0
engineState: 0
engineRPM: 0
engineRPM: 0
engineState: 0
engineRPM: 0
engineRPM: 0
engineState: 0
engineRPM: 0
engineRPM: 0
engineState: 0
engineRPM: 0
engineRPM: 0
engineState: 0
engineRPM: 0
engineRPM: 0
flashState: 0
engineState: 0
engineRPM: 0
engineRPM: 0
engineState: 0
engineRPM: 0
engineRPM: 0
engineState: 0
engineRPM: 0
engineRPM: 0
engineState: 0
engineRPM: 0
engineRPM: 0
engineState: 0
engineRPM: 0
engineRPM: 0
flashState: 0
engineState: 0
engineRPM: 0
engineRPM: 0
engineState: 0
engineRPM: 0
engineRPM: 0
engineState: 0
engineRPM: 0
engineRPM: 0
engineState: 0
engineRPM: 0
engineRPM: 0
engineState: 0
engineRPM: 0
engineRPM: 0
flashState: 0
engineState: 0
engineRPM: 0
engineRPM: 0
engineState: 0
engineRPM: 0
engineRPM: 0
engineState: 0
engineRPM: 0
engineRPM: 0
engineState: 0
engineRPM: 0
engineRPM: 0
engineState: 0
engineRPM: 0
engineRPM: 0
flashState: 0
engineState: 0
engineRPM: 0
engineRPM: 0
engineState: 0
engineRPM: 0
engineRPM: 0
engineState: 0
engineRPM: 0
engineRPM: 0
engineState: 0
engineRPM: 0
engineRPM: 0
engineState: 0
engineRPM: 0
engineRPM: 0
flashState: 0
engineState: 0
engineRPM: 0
engineRPM: 0
engineState: 0
engineRPM: 0
engineRPM: 0
engineState: 0
engineRPM: 0
engineRPM: 0
engineState: 0
engineRPM: 0
engineRPM: 0
engineState: 0
engineRPM: 0
engineRPM: 0
flashState: 0
engineState: 0
engineRPM: 0
engineRPM: 0
engineState: 0
engineRPM: 0
engineRPM: 0
engineState: 0
engineRPM: 0
engineRPM: 0
engineState: 0
engineRPM: 0
engineRPM: 0
engineState: 0
engineRPM: 0
engineRPM: 0
flashState: 0
engineState: 0
engineRPM: 0
engineRPM: 0
engineState: 0
engineRPM: 0
engineRPM: 0
engineState: 0
engineRPM: 0
engineRPM: 0
engineState: 0
engineRPM: 0
engineRPM: 0
engineState: 0
engineRPM: 0
engineRPM: 0
flashState: 0
engineState: 0
engineRPM: 0
engineRPM: 0
engineState: 0
engineRPM: 0
engineRPM: 0
engineState: 0
engineRPM: 0
engineRPM: 0
engineState: 0
engineRPM: 0
engineRPM: 0
engineState: 0
engineRPM: 0
engineRPM: 0
flashState: 0
engineState: 0
engineRPM: 0
engineRPM: 0
engineState: 0
engineRPM: 0
engineRPM: 0
engineState: 0
engineRPM: 0
engineRPM: 0
engineState: 0
engineRPM: 0
engineRPM: 0
engineState: 0
engineRPM: 0
engineRPM: 0
flashState: 0
engineState: 0
engineRPM: 0
engineRPM: 0
engineState: 0
engineRPM: 0
engineRPM: 0
engineState: 0
engineRPM: 0
engineRPM: 0
engineState: 0
engineRPM: 0
engineRPM: 0
engineState: 0
engineRPM: 0
engineRPM: 0
flashState: 0
engineState: 0
engineRPM: 0
engineRPM: 0
engineState: 0
engineRPM: 0
engineRPM: 0
engineState: 0
engineRPM: 0
engineRPM: 0
engineState: 0
engineRPM: 0
engineRPM: 0
engineState: 0
engineRPM: 0
engineRPM: 0
flashState: 0
engineState: 0
engineRPM: 0
engineRPM: 0
engineState: 0
engineRPM: 0
engineRPM: 0
engineState: 0
engineRPM: 0
engineRPM: 0
engineState: 0
engineRPM: 0
engineRPM: 0
engineState: 0
engineRPM: 0
engineRPM: 0
flashState: 0
engineState: 0
engineRPM: 0
engineRPM: 0
engineState: 0
engineRPM: 0
engineRPM: 0
engineState: 0
engineRPM: 0
engineRPM: 0
engineState: 0
engineRPM: 0
engineRPM: 0
engineState: 0
engineRPM: 0
engineRPM: 0
flashState: 0
engineState: 0
engineRPM: 0
engineRPM: 0
engineState: 0
engineRPM: 0
engineRPM: 0
engineState: 0
engineRPM: 0
engineRPM: 0
engineState: 0
engineRPM: 0
engineRPM: 0
engineState: 0
engineRPM: 0
engineRPM: 0
flashState: 0
engineState: 0
engineRPM: 0
engineRPM: 0
engineState: 0
engineRPM: 0
engineRPM: 0
engineState: 0
engineRPM: 0
engineRPM: 0
engineState: 0
engineRPM: 0
engineRPM: 0
engineState: 0
engineRPM: 0
engineRPM: 0
flashState: 0
engineState: 0
engineRPM: 0
engineRPM: 0
engineState: 0
engineRPM: 0
engineRPM: 0
engineState: 0
engineRPM: 0
engineRPM: 0
engineState: 0
engineRPM: 0
engineRPM: 0
engineState: 0
engineRPM: 0
engineRPM: 0
flashState: 0
engineState: 0
engineRPM: 0
engineRPM: 0
engineState: 0
engineRPM: 0
engineRPM: 0
engineState: 0
engineRPM: 0
engineRPM: 0
engineState: 0
engineRPM: 0
engineRPM: 0
engineState: 0
engineRPM: 0
engineRPM: 0
flashState: 0
engineState: 0
engineRPM: 0
engineRPM: 0
engineState: 0
engineRPM: 0
engineRPM: 0
engineState: 0
engineRPM: 0
engineRPM: 0
engineState: 0
engineRPM: 0
engineRPM: 0
engineState: 0
engineRPM: 0
engineRPM: 0
flashState: 0
engineState: 0
engineRPM: 0
engineRPM: 0
engineState: 0
engineRPM: 0
engineRPM: 0
engineState: 0
engineRPM: 0
engineRPM: 0
engineState: 0
engineRPM: 0
engineRPM: 0
engineState: 0
engineRPM: 0
engineRPM: 0
flashState: 0
engineState: 0
engineRPM: 0
engineRPM: 0
engineState: 0
engineRPM: 0
engineRPM: 0
engineState: 0
engineRPM: 0
engineRPM: 0
engineState: 0
engineRPM: 0
engineRPM: 0
engineState: 0
engineRPM: 0
engineRPM: 0
flashState: 0
engineState: 0
engineRPM: 0
engineRPM: 0
engineState: 0
engineRPM: 0
engineRPM: 0
engineState: 0
engineRPM: 0
engineRPM: 0
engineState: 0
engineRPM: 0
engineRPM: 0
engineState: 0
engineRPM: 0
engineRPM: 0
flashState: 0
engineState: 0
engineRPM: 0
engineRPM: 0
engineState: 0
engineRPM: 0
engineRPM: 0
engineState: 0
engineRPM: 0
engineRPM: 0
engineState: 0
engineRPM: 0
engineRPM: 0
engineState: 0
engineRPM: 0
engineRPM: 0
flashState: 0
engineState: 0
engineRPM: 0
engineRPM: 0
engineState: 0
engineRPM: 0
engineRPM: 0
engineState: 0
engineRPM: 0
engineRPM: 0
engineState: 0
engineRPM: 0
engineRPM: 0
engineState: 0
engineRPM: 0
engineRPM: 0
flashState: 0
engineState: 0
engineRPM: 0
engineRPM: 0
engineState: 0
engineRPM: 0
engineRPM: 0
engineState: 0
engineRPM: 0
engineRPM: 0
engineState: 0
engineRPM: 0
engineRPM: 0
engineState: 0
engineRPM: 0
engineRPM: 0
flashState: 0
engineState: 0
engineRPM: 0
engineRPM: 0
engineState: 0
engineRPM: 0
engineRPM: 0
engineState: 0
engineRPM: 0
engineRPM: 0
engineState: 0
engineRPM: 0
engineRPM: 0
engineState: 0
engineRPM: 0
engineRPM: 0
flashState: 0
engineState: 0
engineRPM: 0
engineRPM: 0
engineState: 0
engineRPM: 0
engineRPM: 0
engineState: 0
engineRPM: 0
engineRPM: 0
engineState: 0
engineRPM: 0
engineRPM: 0
engineState: 0
engineRPM: 0
engineRPM: 0
flashState: 0
engineState: 0
engineRPM: 0
engineRPM: 0
engineState: 0
engineRPM: 0
engineRPM: 0
engineState: 0
engineRPM: 0
engineRPM: 0
engineState: 0
engineRPM: 0
engineRPM: 0
engineState: 0
engineRPM: 0
engineRPM: 0
flashState: 0
engineState: 0
engineRPM: 0
engineRPM: 0
engineState: 0
engineRPM: 0
engineRPM: 0
engineState: 0
engineRPM: 0
engineRPM: 0
engineState: 0
engineRPM: 0
engineRPM: 0
engineState: 0
engineRPM: 0
engineRPM: 0
flashState: 0
engineState: 0
engineRPM: 0
engineRPM: 0
engineState: 0
engineRPM: 0
engineRPM: 0
engineState: 0
engineRPM: 0
engineRPM: 0
engineState: 0
engineRPM: 0
engineRPM: 0
engineState: 0
engineRPM: 0
engineRPM: 0
flashState: 0
engineState: 0
engineRPM: 0
engineRPM: 0
engineState: 0
engineRPM: 0
engineRPM: 0
engineState: 0
engineRPM: 0
engineRPM: 0
engineState: 0
engineRPM: 0
engineRPM: 0
engineState: 0
engineRPM: 0
engineRPM: 0
flashState: 0
engineState: 0
engineRPM: 0
engineRPM: 0
engineState: 0
engineRPM: 0
engineRPM: 0
engineState: 0
engineRPM: 0
engineRPM: 0
engineState: 0
engineRPM: 0
engineRPM: 0
engineState: 0
engineRPM: 0
engineRPM: 0
flashState: 0
engineState: 0
engineRPM: 0
engineRPM: 0
engineState: 0
engineRPM: 0
engineRPM: 0
engineState: 0
engineRPM: 0
engineRPM: 0
engineState: 0
engineRPM: 0
engineRPM: 0
engineState: 0
engineRPM: 0
engineRPM: 0
flashState: 0
engineState: 0
engineRPM: 0
engineRPM: 0
engineState: 0
engineRPM: 0
engineRPM: 0
engineState: 0
engineRPM: 0
engineRPM: 0
engineState: 0
engineRPM: 0
engineRPM: 0
engineState: 0
engineRPM: 0
engineRPM: 0
flashState: 0
engineState: 0
engineRPM: 0
engineRPM: 0
engineState: 0
engineRPM: 0
engineRPM: 0
engineState: 0
engineRPM: 0
engineRPM: 0
engineState: 0
engineRPM: 0
engineRPM: 0
engineState: 0
engineRPM: 0
engineRPM: 0
flashState: 0
engineState: 0
engineRPM: 0
engineRPM: 0
engineState: 0
engineRPM: 0
engineRPM: 0
engineState: 0
engineRPM: 0
engineRPM: 0
engineState: 0
engineRPM: 0
engineRPM: 0
engineState: 0
engineRPM: 0
engineRPM: 0
flashState: 0
engineState: 0
engineRPM: 0
engineRPM: 0
engineState: 0
engineRPM: 0
engineRPM: 0
engineState: 0
engineRPM: 0
engineRPM: 0
engineState: 0
engineRPM: 0
engineRPM: 0
engineState: 0
engineRPM: 0
engineRPM: 0
flashState: 0
engineState: 0
engineRPM: 0
engineRPM: 0
engineState: 0
engineRPM: 0
engineRPM: 0
engineState: 0
engineRPM: 0
engineRPM: 0
engineState: 0
engineRPM: 0
engineRPM: 0
engineState: 0
engineRPM: 0
engineRPM: 0
flashState: 0
engineState: 0
engineRPM: 0
engineRPM: 0
engineState: 0
engineRPM: 0
engineRPM: 0
engineState: 0
engineRPM: 0
engineRPM: 0
engineState: 0
engineRPM: 0
engineRPM: 0
engineState: 0
engineRPM: 0
engineRPM: 0
flashState: 0
engineState: 0
engineRPM: 0
engineRPM: 0
engineState: 0
engineRPM: 0
engineRPM: 0
engineState: 0
engineRPM: 0
engineRPM: 0
engineState: 0
engineRPM: 0
engineRPM: 0
engineState: 0
engineRPM: 0
engineRPM: 0
flashState: 0
engineState: 0
engineRPM: 0
engineRPM: 0
engineState: 0
engineRPM: 0
engineRPM: 0
engineState: 0
engineRPM: 0
engineRPM: 0
engineState: 0
engineRPM: 0
engineRPM: 0
engineState: 0
engineRPM: 0
engineRPM: 0
flashState: 0
engineState: 0
engineRPM: 0
engineRPM: 0
engineState: 0
engineRPM: 0
engineRPM: 0
engineState: 0
engineRPM: 0
engineRPM: 0
engineState: 0
engineRPM: 0
engineRPM: 0
engineState: 0
engineRPM: 0
engineRPM: 0
flashState: 0
engineState: 0
engineRPM: 0
engineRPM: 0
engineState: 0
engineRPM: 0
engineRPM: 0
engineState: 0
engineRPM: 0
engineRPM: 0
engineState: 0
engineRPM: 0
engineRPM: 0
engineState: 0
engineRPM: 0
engineRPM: 0
flashState: 0
engineState: 0
engineRPM: 0
engineRPM: 0
engineState: 0
engineRPM: 0
engineRPM: 0
engineState: 0
engineRPM: 0
engineRPM: 0
engineState: 0
engineRPM: 0
engineRPM: 0
engineState: 0
engineRPM: 0
engineRPM: 0
flashState: 0
engineState: 0
engineRPM: 0
engineRPM: 0
engineState: 0
engineRPM: 0
engineRPM: 0
engineState: 0
engineRPM: 0
engineRPM: 0
engineState: 0
engineRPM: 0
engineRPM: 0
engineState: 0
engineRPM: 0
engineRPM: 0
flashState: 0
engineState: 0
engineRPM: 0
engineRPM: 0
engineState: 0
engineRPM: 0
engineRPM: 0
engineState: 0
engineRPM: 0
engineRPM: 0
engineState: 0
engineRPM: 0
engineRPM: 0
engineState: 0
engineRPM: 0
engineRPM: 0
flashState: 0
engineState: 0
engineRPM: 0
engineRPM: 0
engineState: 0
engineRPM: 0
engineRPM: 0
engineState: 0
engineRPM: 0
engineRPM: 0
engineState: 0
engineRPM: 0
engineRPM: 0
engineState: 0
engineRPM: 0
engineRPM: 0
flashState: 0
engineState: 0
engineRPM: 0
engineRPM: 0
engineState: 0
engineRPM: 0
engineRPM: 0
engineState: 0
engineRPM: 0
engineRPM: 0
engineState: 0
engineRPM: 0
engineRPM: 0
engineState: 0
engineRPM: 0
engineRPM: 0
flashState: 0
engineState: 0
engineRPM: 0
engineRPM: 0
engineState: 0
engineRPM: 0
engineRPM: 0
engineState: 0
engineRPM: 0
engineRPM: 0
engineState: 0
engineRPM: 0
engineRPM: 0
engineState: 0
engineRPM: 0
engineRPM: 0
flashState: 0
engineState: 0
engineRPM: 0
engineRPM: 0
engineState: 0
engineRPM: 0
engineRPM: 0
engineState: 0
engineRPM: 0
engineRPM: 0
engineState: 0
engineRPM: 0
engineRPM: 0
engineState: 0
engineRPM: 0
engineRPM: 0
flashState: 0
engineState: 0
engineRPM: 0
engineRPM: 0
engineState: 0
engineRPM: 0
engineRPM: 0
engineState: 0
engineRPM: 0
engineRPM: 0
engineState: 0
engineRPM: 0
engineRPM: 0
engineState: 0
engineRPM: 0
engineRPM: 0
flashState: 0
engineState: 0
engineRPM: 0
engineRPM: 0
engineState: 0
engineRPM: 0
engineRPM: 0
engineState: 0
engineRPM: 0
engineRPM: 0
engineState: 0
engineRPM: 0
engineRPM: 0
engineState: 0
engineRPM: 0
engineRPM: 0
flashState: 0
engineState: 0
engineRPM: 0
engineRPM: 0
engineState: 0
engineRPM: 0
engineRPM: 0
engineState: 0
engineRPM: 0
engineRPM: 0
engineState: 0
engineRPM: 0
engineRPM: 0
engineState: 0
engineRPM: 0
engineRPM: 0
flashState: 0
engineState: 0
engineRPM: 0
engineRPM: 0
engineState: 0
engineRPM: 0
engineRPM: 0
engineState: 0
engineRPM: 0
engineRPM: 0
engineState: 0
engineRPM: 0
engineRPM: 0
engineState: 0
engineRPM: 0
engineRPM: 0
flashState: 0
engineState: 0
engineRPM: 0
engineRPM: 0
engineState: 0
engineRPM: 0
engineRPM: 0
engineState: 0
engineRPM: 0
engineRPM: 0
engineState: 0
engineRPM: 0
engineRPM: 0
engineState: 0
engineRPM: 0
engineRPM: 0
flashState: 0
engineState: 0
engineRPM: 0
engineRPM: 0
engineState: 0
engineRPM: 0
engineRPM: 0
engineState: 0
engineRPM: 0
engineRPM: 0
engineState: 0
engineRPM: 0
engineRPM: 0
engineState: 0
engineRPM: 0
engineRPM: 0
flashState: 0
engineState: 0
engineRPM: 0
engineRPM: 0
engineState: 0
engineRPM: 0
engineRPM: 0
engineState: 0
engineRPM: 0
engineRPM: 0
engineState: 0
engineRPM: 0
engineRPM: 0
engineState: 0
engineRPM: 0
engineRPM: 0
flashState: 0
engineState: 0
engineRPM: 0
engineRPM: 0
engineState: 0
engineRPM: 0
engineRPM: 0
engineState: 0
engineRPM: 0
engineRPM: 0
engineState: 0
engineRPM: 0
engineRPM: 0
engineState: 0
engineRPM: 0
engineRPM: 0
flashState: 0
engineState: 0
engineRPM: 0
engineRPM: 0
engineState: 0
engineRPM: 0
engineRPM: 0
engineState: 0
engineRPM: 0
engineRPM: 0
engineState: 0
engineRPM: 0
engineRPM: 0
engineState: 0
engineRPM: 0
engineRPM: 0
flashState: 0
engineState: 0
engineRPM: 0
engineRPM: 0
engineState: 0
engineRPM: 0
engineRPM: 0
engineState: 0
engineRPM: 0
engineRPM: 0
engineState: 0
engineRPM: 0
engineRPM: 0
engineState: 0
engineRPM: 0
engineRPM: 0
flashState: 0
engineState: 0
engineRPM: 0
engineRPM: 0
engineState: 0
engineRPM: 0
engineRPM: 0
engineState: 0
engineRPM: 0
engineRPM: 0
engineState: 0
engineRPM: 0
engineRPM: 0
engineState: 0
engineRPM: 0
engineRPM: 0
engineState: 0
flashState: 0
engineRPM: 0
engineRPM: 0
engineState: 0
engineRPM: 0
engineRPM: 0
engineState: 0
engineRPM: 0
engineRPM: 0
engineState: 0
engineRPM: 0
engineRPM: 0
engineState: 0
engineRPM: 0
engineRPM: 0
engineState: 0
flashState: 0
engineRPM: 0
engineRPM: 0
engineState: 0
engineRPM: 0
engineRPM: 0
engineState: 0
engineRPM: 0
engineRPM: 0
engineState: 0
engineRPM: 0
engineRPM: 0
engineState: 0
engineRPM: 0
engineRPM: 0
engineState: 0
flashState: 0
engineRPM: 0
engineRPM: 0
engineState: 0
engineRPM: 0
engineRPM: 0
engineState: 0
engineRPM: 0
engineRPM: 0
engineState: 0
engineRPM: 0
engineRPM: 0
engineState: 0
engineRPM: 0
engineRPM: 0
engineState: 0
flashState: 0
engineRPM: 0
engineRPM: 0
engineState: 0
engineRPM: 0
engineRPM: 0
engineState: 0
engineRPM: 0
engineRPM: 0
engineState: 0
engineRPM: 0
engineRPM: 0
engineState: 0
engineRPM: 0
engineRPM: 0
engineState: 0
flashState: 0
engineRPM: 0
engineRPM: 0
engineState: 0
engineRPM: 0
engineRPM: 0
engineState: 0
engineRPM: 0
engineRPM: 0
engineState: 0
engineRPM: 0
engineRPM: 0
engineState: 0
engineRPM: 0
engineRPM: 0
engineState: 0
flashState: 0
engineRPM: 0
engineRPM: 0
engineState: 0
engineRPM: 0
engineRPM: 0
engineState: 0
engineRPM: 0
engineRPM: 0
engineState: 0
engineRPM: 0
engineRPM: 0
engineState: 0
engineRPM: 0
engineRPM: 0
engineState: 0
flashState: 0
engineRPM: 0
engineRPM: 0
engineState: 0
engineRPM: 0
engineRPM: 0
engineState: 0
engineRPM: 0
engineRPM: 0
engineState: 0
engineRPM: 0
engineRPM: 0
engineState: 0
engineRPM: 0
engineRPM: 0
engineState: 0
flashState: 0
engineRPM: 0
engineRPM: 0
engineState: 0
engineRPM: 0
engineRPM: 0
engineState: 0
engineRPM: 0
engineRPM: 0
engineState: 0
engineRPM: 0
engineRPM: 0
engineState: 0
engineRPM: 0
engineRPM: 0
engineState: 0
flashState: 0
engineRPM: 0
engineRPM: 0
engineState: 0
engineRPM: 0
engineRPM: 0
engineState: 0
engineRPM: 0
engineRPM: 0
engineState: 0
engineRPM: 0
engineRPM: 0
engineState: 0
engineRPM: 0
engineRPM: 0
engineState: 0
flashState: 0
engineRPM: 0
engineRPM: 0
engineState: 0
engineRPM: 0
engineRPM: 0
engineState: 0
engineRPM: 0
engineRPM: 0
engineState: 0
engineRPM: 0
engineRPM: 0
engineState: 0
engineRPM: 0
engineRPM: 0
engineState: 0
flashState: 0
engineRPM: 0
engineRPM: 0
engineState: 0
engineRPM: 0
engineRPM: 0
engineState: 0
engineRPM: 0
engineRPM: 0
engineState: 0
engineRPM: 0
engineRPM: 0
engineState: 0
engineRPM: 0
engineRPM: 0
engineState: 0
flashState: 0
engineRPM: 0
engineRPM: 0
engineState: 0
engineRPM: 0
engineRPM: 0
engineState: 0
engineRPM: 0
engineRPM: 0
engineState: 0
engineRPM: 0
engineRPM: 0
engineState: 0
engineRPM: 0
engineRPM: 0
engineState: 0
flashState: 0
engineRPM: 0
engineRPM: 0
engineState: 0
engineRPM: 0
engineRPM: 0
engineState: 0
engineRPM: 0
engineRPM: 0
engineState: 0
engineRPM: 0
engineRPM: 0
engineState: 0
engineRPM: 0
engineRPM: 0
engineState: 0
flashState: 0
engineRPM: 0
engineRPM: 0
engineState: 0
engineRPM: 0
engineRPM: 0
engineState: 0
engineRPM: 0
engineRPM: 0
engineState: 0
engineRPM: 0
engineRPM: 0
engineState: 0
engineRPM: 0
engineRPM: 0
engineState: 0
flashState: 0
engineRPM: 0
engineRPM: 0
engineState: 0
engineRPM: 0
engineRPM: 0
engineState: 0
engineRPM: 0
engineRPM: 0
engineState: 0
engineRPM: 0
engineRPM: 0
engineState: 0
engineRPM: 0
engineRPM: 0
engineState: 0
flashState: 0
engineRPM: 0
engineRPM: 0
engineState: 0
engineRPM: 0
engineRPM: 0
engineState: 0
engineRPM: 0
engineRPM: 0
engineState: 0
engineRPM: 0
engineRPM: 0
engineState: 0
engineRPM: 0
engineRPM: 0
engineState: 0
flashState: 0
engineRPM: 0
engineRPM: 0
engineState: 0
engineRPM: 0
engineRPM: 0
engineState: 0
engineRPM: 0
engineRPM: 0
engineState: 0
engineRPM: 0
engineRPM: 0
engineState: 0
engineRPM: 0
engineRPM: 0
engineState: 0
flashState: 0
engineRPM: 0
engineRPM: 0
engineState: 0
engineRPM: 0
engineRPM: 0
engineState: 0
engineRPM: 0
engineRPM: 0
engineState: 0
engineRPM: 0
engineRPM: 0
engineState: 0
engineRPM: 0
engineRPM: 0
engineState: 0
flashState: 0
engineRPM: 0
engineRPM: 0
engineState: 0
engineRPM: 0
engineRPM: 0
engineState: 0
engineRPM: 0
engineRPM: 0
engineState: 0
engineRPM: 0
engineRPM: 0
engineState: 0
engineRPM: 0
engineRPM: 0
engineState: 0
flashState: 0
engineRPM: 0
engineRPM: 0
engineState: 0
engineRPM: 0
engineRPM: 0
engineState: 0
engineRPM: 0
engineRPM: 0
engineState: 0
engineRPM: 0
engineRPM: 0
engineState: 0
engineRPM: 0
engineRPM: 0
engineState: 0
flashState: 0
engineRPM: 0
engineRPM: 0
engineState: 0
engineRPM: 0
engineRPM: 0
engineState: 0
engineRPM: 0
engineRPM: 0
engineState: 0
engineRPM: 0
engineRPM: 0
engineState: 0
engineRPM: 0
engineRPM: 0
engineState: 0
flashState: 0
engineRPM: 0
engineRPM: 0
engineState: 0
engineRPM: 0
engineRPM: 0
engineState: 0
engineRPM: 0
engineRPM: 0
engineState: 0
engineRPM: 0
engineRPM: 0
engineState: 0
engineRPM: 0
engineRPM: 0
engineState: 0
flashState: 0
engineRPM: 0
engineRPM: 0
engineState: 0
engineRPM: 0
engineRPM: 0
engineState: 0
engineRPM: 0
engineRPM: 0
engineState: 0
engineRPM: 0
engineRPM: 0
engineState: 0
engineRPM: 0
engineRPM: 0
engineState: 0
flashState: 0
engineRPM: 0
engineRPM: 0
engineState: 0
engineRPM: 0
engineRPM: 0
engineState: 0
engineRPM: 0
engineRPM: 0
engineState: 0
engineRPM: 0
engineRPM: 0
engineState: 0
engineRPM: 0
engineRPM: 0
engineState: 0
flashState: 0
engineRPM: 0
engineRPM: 0
engineState: 0
engineRPM: 0
engineRPM: 0
engineState: 0
engineRPM: 0
engineRPM: 0
engineState: 0
engineRPM: 0
engineRPM: 0
engineState: 0
engineRPM: 0
engineRPM: 0
engineState: 0
flashState: 0
engineRPM: 0
engineRPM: 0
engineState: 0
engineRPM: 0
engineRPM: 0
engineState: 0
engineRPM: 0
engineRPM: 0
engineState: 0
engineRPM: 0
engineRPM: 0
engineState: 0
engineRPM: 0
engineRPM: 0
engineState: 0
flashState: 0
engineRPM: 0
engineRPM: 0
engineState: 0
engineRPM: 0
engineRPM: 0
engineState: 0
engineRPM: 0
engineRPM: 0
engineState: 0
engineRPM: 0
engineRPM: 0
engineState: 0
engineRPM: 0
engineRPM: 0
engineState: 0
flashState: 0
engineRPM: 0
engineRPM: 0
engineState: 0
engineRPM: 0
engineRPM: 0
engineState: 0
engineRPM: 0
engineRPM: 0
engineState: 0
engineRPM: 0
engineRPM: 0
engineState: 0
engineRPM: 0
engineRPM: 0
engineState: 0
flashState: 0
engineRPM: 0
engineRPM: 0
engineState: 0
engineRPM: 0
engineRPM: 0
engineState: 0
engineRPM: 0
engineRPM: 0
engineState: 0
engineRPM: 0
engineRPM: 0
engineState: 0
engineRPM: 0
engineRPM: 0
engineState: 0
flashState: 0
engineRPM: 0
engineRPM: 0
engineState: 0
engineRPM: 0
engineRPM: 0
engineState: 0
engineRPM: 0
engineRPM: 0
engineState: 0
engineRPM: 0
engineRPM: 0
engineState: 0
engineRPM: 0
engineRPM: 0
engineState: 0
flashState: 0
engineRPM: 0
engineRPM: 0
engineState: 0
engineRPM: 0
engineRPM: 0
engineState: 0
engineRPM: 0
engineRPM: 0
engineState: 0
engineRPM: 0
engineRPM: 0
engineState: 0
engineRPM: 0
engineRPM: 0
engineState: 0
flashState: 0
engineRPM: 0
engineRPM: 0
engineState: 0
engineRPM: 0
engineRPM: 0
engineState: 0
engineRPM: 0
engineRPM: 0
engineState: 0
engineRPM: 0
engineRPM: 0
engineState: 0
engineRPM: 0
engineRPM: 0
engineState: 0
flashState: 0
engineRPM: 0
engineRPM: 0
engineState: 0
engineRPM: 0
engineRPM: 0
engineState: 0
engineRPM: 0
engineRPM: 0
engineState: 0
engineRPM: 0
engineRPM: 0
engineState: 0
engineRPM: 0
engineRPM: 0
engineState: 0
flashState: 0
engineRPM: 0
engineRPM: 0
engineState: 0
engineRPM: 0
engineRPM: 0
engineState: 0
engineRPM: 0
engineRPM: 0
engineState: 0
engineRPM: 0
engineRPM: 0
engineState: 0
engineRPM: 0
engineRPM: 0
engineState: 0
flashState: 0
engineRPM: 0
engineRPM: 0
engineState: 0
engineRPM: 0
engineRPM: 0
engineState: 0
engineRPM: 0
engineRPM: 0
engineState: 0
engineRPM: 0
engineRPM: 0
engineState: 0
engineRPM: 0
engineRPM: 0
engineState: 0
flashState: 0
engineRPM: 0
engineRPM: 0
engineState: 0
engineRPM: 0
engineRPM: 0
engineState: 0
engineRPM: 0
engineRPM: 0
engineState: 0
engineRPM: 0
engineRPM: 0
engineState: 0
engineRPM: 0
engineRPM: 0
engineState: 0
flashState: 0
engineRPM: 0
engineRPM: 0
engineState: 0
engineRPM: 0
engineRPM: 0
engineState: 0
engineRPM: 0
engineRPM: 0
engineState: 0
engineRPM: 0
engineRPM: 0
engineState: 0
engineRPM: 0
engineRPM: 0
engineState: 0
flashState: 0
engineRPM: 0
engineRPM: 0
engineState: 0
engineRPM: 0
engineRPM: 0
engineState: 0
engineRPM: 0
engineRPM: 0
engineState: 0
engineRPM: 0
engineRPM: 0
engineState: 0
engineRPM: 0
engineRPM: 0
engineState: 0
flashState: 0
engineRPM: 0
engineRPM: 0
engineState: 0
engineRPM: 0
engineRPM: 0
engineState: 0
engineRPM: 0
engineRPM: 0
engineState: 0
engineRPM: 0
engineRPM: 0
engineState: 0
engineRPM: 0
engineRPM: 0
engineState: 0
flashState: 0
engineRPM: 0
engineRPM: 0
engineState: 0
engineRPM: 0
engineRPM: 0
engineState: 0
engineRPM: 0
engineRPM: 0
engineState: 0
engineRPM: 0
engineRPM: 0
engineState: 0
engineRPM: 0
engineRPM: 0
engineState: 0
flashState: 0
engineRPM: 0
engineRPM: 0
engineState: 0
engineRPM: 0
engineRPM: 0
engineState: 0
engineRPM: 0
engineRPM: 0
engineState: 0
engineRPM: 0
engineRPM: 0
engineState: 0
engineRPM: 0
engineRPM: 0
engineState: 0
flashState: 0
engineRPM: 0
engineRPM: 0
engineState: 0
engineRPM: 0
engineRPM: 0
engineState: 0
engineRPM: 0
engineRPM: 0
engineState: 0
engineRPM: 0
engineRPM: 0
engineState: 0
engineRPM: 0
engineRPM: 0
engineState: 0
flashState: 0
engineRPM: 0
engineRPM: 0
engineState: 0
engineRPM: FFFFA209
engineRPM: FFFFA209
engineState: 0
engineRPM: FFFFA209
engineRPM: FFFFA209
engineState: 0
engineRPM: FFFFA209
engineRPM: FFFFA209
engineState: 0
engineRPM: FFFFA209
engineRPM: FFFFA209
engineState: 0
flashState: 0
engineRPM: FFFFA209
engineRPM: FFFFA209
engineState: 0
engineRPM: FFFFA209
engineRPM: FFFFA209
engineState: 0
engineRPM: FFFFD80C
engineRPM: FFFFD80C
engineState: 0
engineRPM: FFFFD80C
engineRPM: FFFFD80C
engineState: 0
engineRPM: FFFFD80C
engineRPM: 6411
engineState: 0
flashState: 0
engineRPM: 6411
engineRPM: 6411
engineState: 0
engineRPM: 6411
engineRPM: 6411
engineState: 0
engineRPM: FFFF9C15
engineRPM: FFFF9C15
engineState: 0
engineRPM: FFFF9C15
engineRPM: 701B
engineState: 0
engineRPM: 701B
engineRPM: 701B
engineState: 0
flashState: 0
engineRPM: FFFFCA1E
engineRPM: FFFFCA1E
engineState: 0
engineRPM: FFFFCA1E
engineRPM: FFFFC022
engineState: 0
engineRPM: FFFFC022
engineRPM: 4026
engineState: 0
engineRPM: 4026
engineRPM: 1829
engineState: 0
engineRPM: 1829
engineRPM: 1829
engineState: 0
flashState: 0
engineRPM: FFFFAC2B
engineRPM: FFFFAC2B
engineState: 0
engineRPM: FFFFC82D
engineRPM: FFFFC82D
engineState: 0
engineRPM: 662F
engineRPM: 662F
engineState: 0
engineRPM: C31
engineRPM: 6632
engineState: 0
engineRPM: 6632
engineRPM: 6E33
engineState: 0
flashState: 0
engineRPM: 6E33
engineRPM: 2434
engineState: 0
engineRPM: 2434
engineRPM: FFFFE834
engineState: 0
engineRPM: FFFFE834
engineRPM: 3235
engineState: 0
engineRPM: 7A35
engineRPM: 7A35
engineState: 0
engineRPM: 7635
engineRPM: 7635
engineState: 0
flashState: 0
engineRPM: FFFF9635
engineRPM: FFFF9635
engineState: 0
engineRPM: FFFF9435
engineRPM: FFFF8E35
engineState: 0
engineRPM: FFFF8E35
engineRPM: 5A35
engineState: 0
engineRPM: 5A35
engineRPM: 2435
engineState: 0
engineRPM: 2435
engineRPM: FFFFD634
engineState: 0
flashState: 0
engineRPM: 6E34
engineRPM: 6E34
engineState: 0
engineRPM: FFFFD433
engineRPM: FFFFD433
engineState: 0
engineRPM: 4E33
engineRPM: 4E33
engineState: 0
engineRPM: FFFFE032
engineRPM: FFFFE032
engineState: 0
engineRPM: FFFF8032
engineRPM: FFFF8032
engineState: 0
flashState: 0
engineRPM: FFFFF831
engineRPM: FFFF8431
engineState: 0
engineRPM: FFFF8431
engineRPM: FFFFE030
engineState: 0
engineRPM: FFFFE030
engineRPM: 3230
engineState: 0
engineRPM: 3230
engineRPM: 7C2F
engineState: 0
engineRPM: 7C2F
engineRPM: 2A2F
engineState: 0
flashState: 0
engineRPM: 2A2F
engineRPM: FFFF942E
engineState: 0
engineRPM: FFFF942E
engineRPM: FFFFDC2D
engineState: 0
engineRPM: FFFFDC2D
engineRPM: 102D
engineState: 0
engineRPM: 102D
engineRPM: 102D
engineState: 0
engineRPM: FFFFAA2C
engineRPM: FFFFAA2C
engineState: 0
flashState: 0
engineRPM: 262C
engineRPM: 262C
engineState: 0
engineRPM: FFFF8E2B
engineRPM: FFFF8E2B
engineState: 0
engineRPM: FFFFE42A
engineRPM: FFFFE42A
engineState: 0
engineRPM: FFFF8C2A
engineRPM: FFFF8C2A
engineState: 0
engineRPM: C2A
engineRPM: C2A
engineState: 40
flashState: 0
engineRPM: C2A
engineRPM: 6C29
engineState: 40
engineRPM: 6C29
engineRPM: FFFFB428
engineState: 40
engineRPM: FFFFB428
engineRPM: FFFFEA27
engineState: 40
engineRPM: FFFFEA27
engineRPM: FFFFEA27
engineState: 40
engineRPM: 3227
engineRPM: 3227
engineState: 40
flashState: 0
engineRPM: 7C26
engineRPM: 7C26
engineState: 40
engineRPM: 7C26
engineRPM: FFFFD025
engineState: 40
engineRPM: FFFFD025
engineRPM: 4425
engineState: 40
engineRPM: 4425
engineRPM: 4425
engineState: 40
engineRPM: FFFF9824
engineRPM: FFFF9824
engineState: 40
flashState: 0
engineRPM: 1624
engineRPM: 1624
engineState: 40
engineRPM: 1624
engineRPM: FFFFA823
engineState: 40
engineRPM: FFFFA823
engineRPM: FFFFA823
engineState: 40
engineRPM: 5623
engineRPM: 5623
engineState: 40
engineRPM: 423
engineRPM: 423
engineState: 40
flashState: 0
engineRPM: 423
engineRPM: FFFFDC22
engineState: 40
engineRPM: FFFFDC22
engineRPM: FFFFDC22
engineState: 40
engineRPM: FFFFC422
engineRPM: FFFFC422
engineState: 40
engineRPM: FFFFCC22
engineRPM: FFFFCC22
engineState: 40
engineRPM: FFFFCC22
engineRPM: FFFFDE22
engineState: 40
flashState: 0
engineRPM: FFFFDE22
engineRPM: FFFFDE22
engineState: 40
engineRPM: C23
engineRPM: C23
engineState: 40
engineRPM: 3E23
engineRPM: 3E23
engineState: 40
engineRPM: 3E23
engineRPM: FFFF9C23
engineState: 40
engineRPM: FFFF9C23
engineRPM: FFFF9C23
engineState: 40
flashState: 0
engineRPM: FFFFF223
engineRPM: FFFFF223
engineState: 40
engineRPM: 6624
engineRPM: 6624
engineState: 40
engineRPM: 6624
engineRPM: FFFFD024
engineState: 40
engineRPM: FFFFD024
engineRPM: 4A25
engineState: 40
engineRPM: 4A25
engineRPM: 4A25
engineState: 40
flashState: 0
engineRPM: FFFFBA25
engineRPM: FFFFBA25
engineState: 40
engineRPM: 1226
engineRPM: 1226
engineState: 40
engineRPM: 1226
engineRPM: 1226
engineState: 40
engineRPM: 1226
engineRPM: 1226
engineState: 40
engineRPM: 1226
engineRPM: 1226
engineState: 40
flashState: 0
engineRPM: 2226
engineRPM: 2226
engineState: 40
engineRPM: 4626
engineRPM: 4626
engineState: 40
engineRPM: 2626
engineRPM: 2626
engineState: 40
engineRPM: 2626
engineRPM: 826
engineState: 40
engineRPM: 826
engineRPM: FFFFF025
engineState: 40
flashState: 0
engineRPM: FFFFF025
engineRPM: FFFFF025
engineState: 40
engineRPM: FFFFCE25
engineRPM: FFFFCE25
engineState: 40
engineRPM: FFFF9025
engineRPM: FFFF9025
engineState: 40
engineRPM: FFFF9025
engineRPM: 5825
engineState: 40
engineRPM: 5825
engineRPM: 4025
engineState: 40
flashState: 0
engineRPM: 4025
engineRPM: 4025
engineState: 40
engineRPM: 5A25
engineRPM: 5A25
engineState: 40
engineRPM: 2A25
engineRPM: 2A25
engineState: 40
engineRPM: 2A25
engineRPM: 25
engineState: 40
engineRPM: 25
engineRPM: 25
engineState: 40
flashState: 0
engineRPM: FFFFD224
engineRPM: FFFFD224
engineState: 40
engineRPM: FFFF9A24
engineRPM: FFFF9A24
engineState: 40
engineRPM: FFFF9A24
engineRPM: 4E24
engineState: 40
engineRPM: 4E24
engineRPM: C24
engineState: 40
engineRPM: C24
engineRPM: C24
engineState: 40
flashState: 0
engineRPM: FFFFF623
engineRPM: FFFFF623
engineState: 40
engineRPM: FFFFF623
engineRPM: FFFFEA23
engineState: 40
engineRPM: FFFFEA23
engineRPM: FFFFD023
engineState: 40
engineRPM: FFFFD023
engineRPM: FFFFD023
engineState: 40
engineRPM: FFFFB423
engineRPM: FFFFB423
engineState: 40
flashState: 0
engineRPM: FFFFAE23
engineRPM: FFFFAE23
engineState: 40
engineRPM: FFFFAE23
engineRPM: FFFFA423
engineState: 40
engineRPM: FFFFA423
engineRPM: FFFFA423
engineState: 40
engineRPM: FFFF8223
engineRPM: FFFF8223
engineState: 40
engineRPM: 5823
engineRPM: 5823
engineState: 40
flashState: 0
engineRPM: 5823
engineRPM: 1023
engineState: 40
engineRPM: 1023
engineRPM: 1023
engineState: 40
engineRPM: FFFFFA22
engineRPM: FFFFFA22
engineState: 40
engineRPM: FFFFA222
engineRPM: FFFFA222
engineState: 40
engineRPM: FFFFA222
engineRPM: 6822
engineState: 40
flashState: 0
engineRPM: 6822
engineRPM: 6822
engineState: 40
engineRPM: 5E22
engineRPM: 5E22
engineState: 40
engineRPM: 5E22
engineRPM: 2022
engineState: 40
engineRPM: 2022
engineRPM: FFFFDA21
engineState: 40
engineRPM: FFFFDA21
engineRPM: FFFFDA21
engineState: 40
flashState: 0
engineRPM: FFFFBE21
engineRPM: FFFFBE21
engineState: 40
engineRPM: FFFFBE21
engineRPM: FFFFB421
engineState: 40
engineRPM: FFFFB421
engineRPM: FFFFB421
engineState: 40
engineRPM: 7821
engineRPM: 7821
engineState: 40
engineRPM: 7821
engineRPM: 3E21
engineState: 40
flashState: 0
engineRPM: 3E21
engineRPM: C21
engineState: 40
engineRPM: C21
engineRPM: C21
engineState: 40
engineRPM: FFFFD620
engineRPM: FFFFD620
engineState: 40
engineRPM: FFFFD620
engineRPM: FFFF9E20
engineState: 40
engineRPM: FFFF9E20
engineRPM: FFFF9E20
engineState: 40
flashState: 0
engineRPM: 6220
engineRPM: 6220
engineState: 40
engineRPM: 6220
engineRPM: 5220
engineState: 40
engineRPM: 5220
engineRPM: 5220
engineState: 40
engineRPM: 4820
engineRPM: 4820
engineState: 40
engineRPM: 4820
engineRPM: 2E20
engineState: 40
flashState: 0
engineRPM: 2E20
engineRPM: 2E20
engineState: 40
engineRPM: 1220
engineRPM: 1220
engineState: 40
engineRPM: 1220
engineRPM: FFFFE81F
engineState: 40
engineRPM: FFFFE81F
engineRPM: FFFFCA1F
engineState: 40
engineRPM: FFFFCA1F
engineRPM: FFFFCA1F
engineState: 40
flashState: 0
engineRPM: FFFFAA1F
engineRPM: FFFFAA1F
engineState: 40
engineRPM: FFFFAA1F
engineRPM: FFFFA41F
engineState: 40
engineRPM: FFFFA41F
engineRPM: FFFFA41F
engineState: 40
engineRPM: FFFFA81F
engineRPM: FFFFA81F
engineState: 40
engineRPM: FFFFA81F
engineRPM: FFFF8A1F
engineState: 40
flashState: 0
engineRPM: FFFF8A1F
engineRPM: FFFF8A1F
engineState: 40
engineRPM: 6E1F
engineRPM: 6E1F
engineState: 40
engineRPM: 6E1F
engineRPM: 201F
engineState: 40
engineRPM: 201F
engineRPM: 201F
engineState: 40
engineRPM: FFFFFC1E
engineRPM: FFFFFC1E
engineState: 40
flashState: 0
engineRPM: FFFFFC1E
engineRPM: FFFFD21E
engineState: 40
engineRPM: FFFFD21E
engineRPM: FFFFD21E
engineState: 40
engineRPM: FFFFB01E
engineRPM: FFFFB01E
engineState: 40
engineRPM: FFFFB01E
engineRPM: FFFFB01E
engineState: 40
engineRPM: FFFFAC1E
engineRPM: FFFFAC1E
engineState: 40
flashState: 0
engineRPM: FFFFAC1E
engineRPM: FFFF9A1E
engineState: 40
engineRPM: FFFF9A1E
engineRPM: FFFF9A1E
engineState: 40
engineRPM: FFFF8E1E
engineRPM: FFFF8E1E
engineState: 40
engineRPM: FFFF8E1E
engineRPM: FFFF9A1E
engineState: 40
engineRPM: FFFF9A1E
engineRPM: FFFF9A1E
engineState: 40
flashState: 0
engineRPM: 6C1E
engineRPM: 6C1E
engineState: 40
engineRPM: 6C1E
engineRPM: 221E
engineState: 40
engineRPM: 221E
engineRPM: 221E
engineState: 40
engineRPM: FFFFF21D
engineRPM: FFFFF21D
engineState: 40
engineRPM: FFFFF21D
engineRPM: FFFFEA1D
engineState: 40
flashState: 0
engineRPM: FFFFEA1D
engineRPM: FFFFEA1D
engineState: 40
engineRPM: FFFFC61D
engineRPM: FFFFC61D
engineState: 40
engineRPM: FFFFC61D
engineRPM: FFFFC81D
engineState: 40
engineRPM: FFFFC81D
engineRPM: FFFFC81D
engineState: 40
engineRPM: FFFFC81D
engineRPM: FFFFA41D
engineState: 40
flashState: 0
engineRPM: FFFFA41D
engineRPM: FFFFA41D
engineState: 40
engineRPM: FFFF881D
engineRPM: FFFF881D
engineState: 40
engineRPM: FFFF881D
engineRPM: 521D
engineState: 40
engineRPM: 521D
engineRPM: 521D
engineState: 40
engineRPM: 301D
engineRPM: 301D
engineState: 40
flashState: 0
engineRPM: 301D
engineRPM: 1A1D
engineState: 40
engineRPM: 1A1D
engineRPM: 1A1D
engineState: 40
engineRPM: 1A1D
engineRPM: 1E1D
engineState: 40
engineRPM: 1E1D
engineRPM: 1E1D
engineState: 40
engineRPM: 141D
engineRPM: 141D
engineState: 40
flashState: 0
engineRPM: 141D
engineRPM: FFFFFC1C
engineState: 40
engineRPM: FFFFFC1C
engineRPM: FFFFFC1C
engineState: 40
engineRPM: FFFFCA1C
engineRPM: FFFFCA1C
engineState: 40
engineRPM: FFFFCA1C
engineRPM: FFFFCA1C
engineState: 40
engineRPM: FFFFC21C
engineRPM: FFFFC21C
engineState: 40
flashState: 0
engineRPM: FFFFC21C
engineRPM: FFFFAA1C
engineState: 40
engineRPM: FFFFAA1C
engineRPM: FFFFAA1C
engineState: 40
engineRPM: FFFFAA1C
engineRPM: FFFFAA1C
engineState: 40
engineRPM: FFFFAA1C
engineRPM: FFFF8C1C
engineState: 40
engineRPM: FFFF8C1C
engineRPM: FFFF8C1C
engineState: 40
flashState: 0
engineRPM: FFFF8C1C
engineRPM: 4E1C
engineState: 40
engineRPM: 4E1C
engineRPM: 4E1C
engineState: 40
engineRPM: 4A1C
engineRPM: 4A1C
engineState: 40
engineRPM: 4A1C
engineRPM: 401C
engineState: 40
engineRPM: 401C
engineRPM: 401C
engineState: 40
flashState: 0
engineRPM: 401C
engineRPM: 2A1C
engineState: 40
engineRPM: 2A1C
engineRPM: 2A1C
engineState: 40
engineRPM: 161C
engineRPM: 161C
engineState: 40
engineRPM: 161C
engineRPM: FFFFF01B
engineState: 40
engineRPM: FFFFF01B
engineRPM: FFFFF01B
engineState: 40
flashState: 0
engineRPM: FFFFF01B
engineRPM: FFFFDC1B
engineState: 40
engineRPM: FFFFDC1B
engineRPM: FFFFDC1B
engineState: 40
engineRPM: FFFFBC1B
engineRPM: FFFFBC1B
engineState: 40
engineRPM: FFFFBC1B
engineRPM: FFFFBC1B
engineState: 40
engineRPM: FFFFBA1B
engineRPM: FFFFBA1B
engineState: 40
flashState: 0
engineRPM: FFFFBA1B
engineRPM: FFFF9E1B
engineState: 40
engineRPM: FFFF9E1B
engineRPM: FFFF9E1B
engineState: 40
engineRPM: FFFF941B
engineRPM: FFFF941B
engineState: 40
engineRPM: FFFF941B
engineRPM: FFFF941B
engineState: 40
engineRPM: 7A1B
engineRPM: 7A1B
engineState: 40
flashState: 0
engineRPM: 7A1B
engineRPM: 701B
engineState: 40
engineRPM: 701B
engineRPM: 701B
engineState: 40
engineRPM: 701B
engineRPM: 5C1B
engineState: 40
engineRPM: 5C1B
engineRPM: 5C1B
engineState: 40
engineRPM: 461B
engineRPM: 461B
engineState: 40
flashState: 0
engineRPM: 461B
engineRPM: 301B
engineState: 40
engineRPM: 301B
engineRPM: 301B
engineState: 40
engineRPM: 301B
engineRPM: E1B
engineState: 40
engineRPM: E1B
engineRPM: E1B
engineState: 40
engineRPM: FFFFC21A
engineRPM: FFFFC21A
engineState: 40
flashState: 0
engineRPM: FFFFC21A
engineRPM: FFFFC21A
engineState: 40
engineRPM: FFFFC21A
engineRPM: FFFFC21A
engineState: 40
engineRPM: FFFFC21A
engineRPM: FFFFB61A
engineState: 40
engineRPM: FFFFB61A
engineRPM: FFFFB61A
engineState: 40
engineRPM: FFFFB61A
engineRPM: FFFFBE1A
engineState: 40
flashState: 0
engineRPM: FFFFBE1A
engineRPM: FFFFBE1A
engineState: 40
engineRPM: FFFFB41A
engineRPM: FFFFB41A
engineState: 40
engineRPM: FFFFB41A
engineRPM: FFFFB41A
engineState: 40
engineRPM: FFFF8A1A
engineRPM: FFFF8A1A
engineState: 40
engineRPM: FFFF8A1A
engineRPM: FFFF8A1A
engineState: 40
flashState: 0
engineRPM: 7A1A
engineRPM: 7A1A
engineState: 40
engineRPM: 7A1A
engineRPM: 641A
engineState: 40
engineRPM: 641A
engineRPM: 641A
engineState: 40
engineRPM: 641A
engineRPM: 5A1A
engineState: 40
engineRPM: 5A1A
engineRPM: 5A1A
engineState: 40
flashState: 0
engineRPM: 601A
engineRPM: 601A
engineState: 40
engineRPM: 601A
engineRPM: 601A
engineState: 40
engineRPM: 541A
engineRPM: 541A
engineState: 40
engineRPM: 541A
engineRPM: 781A
engineState: 40
engineRPM: 781A
engineRPM: 781A
engineState: 40
flashState: 0
engineRPM: 781A
engineRPM: 7A1A
engineState: 40
engineRPM: 7A1A
engineRPM: 7A1A
engineState: 40
engineRPM: 6C1A
engineRPM: 6C1A
engineState: 40
engineRPM: 6C1A
engineRPM: 6C1A
engineState: 40
engineRPM: 581A
engineRPM: 581A
engineState: 40
flashState: 0
engineRPM: 581A
engineRPM: 581A
engineState: 40
engineRPM: 501A
engineRPM: 501A
engineState: 40
engineRPM: 501A
engineRPM: 401A
engineState: 40
engineRPM: 401A
engineRPM: 401A
engineState: 40
engineRPM: 401A
engineRPM: 381A
engineState: 40
flashState: 0
engineRPM: 381A
engineRPM: 381A
engineState: 40
engineRPM: 241A
engineRPM: 241A
engineState: 40
engineRPM: 241A
engineRPM: 241A
engineState: 40
engineRPM: 221A
engineRPM: 221A
engineState: 40
engineRPM: 221A
engineRPM: 161A
engineState: 40
flashState: 0
engineRPM: 161A
engineRPM: 161A
engineState: 40
engineRPM: 161A
engineRPM: 21A
engineState: 40
engineRPM: 21A
engineRPM: 21A
engineState: 40
engineRPM: 21A
engineRPM: C1A
engineState: 40
engineRPM: C1A
engineRPM: C1A
engineState: 40
flashState: 0
engineRPM: 201A
engineRPM: 201A
engineState: 40
engineRPM: 201A
engineRPM: 201A
engineState: 40
engineRPM: 161A
engineRPM: 161A
engineState: 40
engineRPM: 161A
engineRPM: FFFFF419
engineState: 40
engineRPM: FFFFF419
engineRPM: FFFFF419
engineState: 40
flashState: 0
engineRPM: FFFFF419
engineRPM: FFFFD019
engineState: 40
engineRPM: FFFFD019
engineRPM: FFFFD019
engineState: 40
engineRPM: FFFFD019
engineRPM: FFFFE219
engineState: 40
engineRPM: FFFFE219
engineRPM: FFFFE219
engineState: 40
engineRPM: FFFFF619
engineRPM: FFFFF619
engineState: 40
flashState: 0
engineRPM: FFFFF619
engineRPM: FFFFF619
engineState: 40
engineRPM: 1A
engineRPM: 1A
engineState: 40
engineRPM: 1A
engineRPM: 1A
engineState: 40
engineRPM: FFFFFC19
engineRPM: FFFFFC19
engineState: 40
engineRPM: FFFFFC19
engineRPM: FFFFF819
engineState: 40
flashState: 0
engineRPM: FFFFF819
engineRPM: FFFFF819
engineState: 40
engineRPM: FFFFF819
engineRPM: FFFFD419
engineState: 40
engineRPM: FFFFD419
engineRPM: FFFFD419
engineState: 40
engineRPM: FFFFC619
engineRPM: FFFFC619
engineState: 40
engineRPM: FFFFC619
engineRPM: FFFFC619
engineState: 40
flashState: 0
engineRPM: FFFFCA19
engineRPM: FFFFCA19
engineState: 40
engineRPM: FFFFCA19
engineRPM: FFFFCA19
engineState: 40
engineRPM: FFFFC419
engineRPM: FFFFC419
engineState: 40
engineRPM: FFFFC419
engineRPM: FFFFCE19
engineState: 40
engineRPM: FFFFCE19
engineRPM: FFFFCE19
engineState: 40
flashState: 0
engineRPM: FFFFCE19
engineRPM: FFFFC819
engineState: 40
engineRPM: FFFFC819
engineRPM: FFFFC819
engineState: 40
engineRPM: FFFFC819
engineRPM: FFFFAA19
engineState: 40
engineRPM: FFFFAA19
engineRPM: FFFFAA19
engineState: 40
engineRPM: FFFFA819
engineRPM: FFFFA819
engineState: 40
flashState: 0
engineRPM: FFFFA819
engineRPM: FFFFA819
engineState: 40
engineRPM: FFFF9019
engineRPM: FFFF9019
engineState: 40
engineRPM: FFFF9019
engineRPM: FFFF9019
engineState: 40
engineRPM: FFFF8819
engineRPM: FFFF8819
engineState: 40
engineRPM: FFFF8819
engineRPM: FFFF9419
engineState: 40
flashState: 0
engineRPM: FFFF9419
engineRPM: FFFF9419
engineState: 40
engineRPM: FFFF9419
engineRPM: FFFF9819
engineState: 40
engineRPM: FFFF9819
engineRPM: FFFF9819
engineState: 40
engineRPM: FFFF9819
engineRPM: FFFFA219
engineState: 40
engineRPM: FFFFA219
engineRPM: FFFFA219
engineState: 40
flashState: 0
engineRPM: FFFF9C19
engineRPM: FFFF9C19
engineState: 40
engineRPM: FFFF9C19
engineRPM: FFFF9C19
engineState: 40
engineRPM: FFFF8819
engineRPM: FFFF8819
engineState: 40
engineRPM: FFFF8819
engineRPM: FFFF8819
engineState: 40
engineRPM: FFFF8219
engineRPM: FFFF8219
engineState: 40
flashState: 0
engineRPM: FFFF8219
engineRPM: 4019
engineState: 40
engineRPM: 4019
engineRPM: 4019
engineState: 40
engineRPM: 4019
engineRPM: 5419
engineState: 40
engineRPM: 5419
engineRPM: 5419
engineState: 40
engineRPM: 5419
engineRPM: 6A19
engineState: 40
flashState: 0
engineRPM: 6A19
engineRPM: 6A19
engineState: 40
engineRPM: 5E19
engineRPM: 5E19
engineState: 40
engineRPM: 5E19
engineRPM: 5E19
engineState: 40
engineRPM: 5419
engineRPM: 5419
engineState: 40
engineRPM: 5419
engineRPM: 5419
engineState: 40
flashState: 0
engineRPM: 7A19
engineRPM: 7A19
engineState: 40
engineRPM: 7A19
engineRPM: FFFF9A19
engineState: 40
engineRPM: FFFF9A19
engineRPM: FFFF9A19
engineState: 40
engineRPM: FFFF9A19
engineRPM: FFFFD219
engineState: 40
engineRPM: FFFFD219
engineRPM: FFFFD219
engineState: 40
flashState: 0
engineRPM: FFFFD219
engineRPM: FFFFF819
engineState: 40
engineRPM: FFFFF819
engineRPM: FFFFF819
engineState: 40
engineRPM: 641A
engineRPM: 641A
engineState: 40
engineRPM: 641A
engineRPM: 641A
engineState: 40
engineRPM: FFFFC61A
engineRPM: FFFFC61A
engineState: 40
flashState: 0
engineRPM: FFFFC61A
engineRPM: 161B
engineState: 40
engineRPM: 161B
engineRPM: 161B
engineState: 40
engineRPM: 161B
engineRPM: 6A1A
engineState: 44
engineRPM: 6A1A
engineRPM: 6A1A
engineState: 44
engineRPM: 5C19
engineRPM: 5C19
engineState: 44
flashState: 0
engineRPM: 5C19
engineRPM: 5C19
engineState: 44
engineRPM: FFFF9418
engineRPM: FFFF9418
engineState: 44
engineRPM: FFFF9418
engineRPM: FFFF9418
engineState: 44
engineRPM: 7818
engineRPM: 7818
engineState: 44
engineRPM: 7818
engineRPM: 7818
engineState: 44
flashState: 0
engineRPM: FFFF8018
engineRPM: FFFF8018
engineState: 44
engineRPM: FFFF8018
engineRPM: FFFF8018
engineState: 44
engineRPM: FFFF8418
engineRPM: FFFF8418
engineState: 44
engineRPM: FFFF8418
engineRPM: FFFFA018
engineState: 44
engineRPM: FFFFA018
engineRPM: FFFFA018
engineState: 44
flashState: 0
engineRPM: FFFFA018
engineRPM: FFFFBC18
engineState: 44
engineRPM: FFFFBC18
engineRPM: FFFFBC18
engineState: 44
engineRPM: FFFFBC18
engineRPM: FFFFE618
engineState: 44
engineRPM: FFFFE618
engineRPM: FFFFE618
engineState: 44
engineRPM: FFFFE618
engineRPM: 419
engineState: 44
flashState: 0
engineRPM: 419
engineRPM: 419
engineState: 44
engineRPM: 419
engineRPM: 1619
engineState: 44
engineRPM: 1619
engineRPM: 1619
engineState: 44
engineRPM: 2019
engineRPM: 2019
engineState: 44
engineRPM: 2019
engineRPM: 2019
engineState: 44
flashState: 0
engineRPM: 2E19
engineRPM: 2E19
engineState: 44
engineRPM: 2E19
engineRPM: 2E19
engineState: 44
engineRPM: 1C19
engineRPM: 1C19
engineState: 44
engineRPM: 1C19
engineRPM: 2019
engineState: 44
engineRPM: 2019
engineRPM: 2019
engineState: 44
flashState: 0
engineRPM: 2019
engineRPM: 3C19
engineState: 44
engineRPM: 3C19
engineRPM: 3C19
engineState: 44
engineRPM: 3C19
engineRPM: 6219
engineState: 44
engineRPM: 6219
engineRPM: 6219
engineState: 44
engineRPM: 6219
engineRPM: 5A19
engineState: 44
flashState: 0
engineRPM: 5A19
engineRPM: 5A19
engineState: 44
engineRPM: 3419
engineRPM: 3419
engineState: 44
engineRPM: 3419
engineRPM: 3419
engineState: 44
engineRPM: FFFFF418
engineRPM: FFFFF418
engineState: 44
engineRPM: FFFFF418
engineRPM: FFFFF418
engineState: 44
flashState: 0
engineRPM: FFFFD218
engineRPM: FFFFD218
engineState: 44
engineRPM: FFFFD218
engineRPM: FFFFD218
engineState: 44
engineRPM: FFFFB018
engineRPM: FFFFB018
engineState: 44
engineRPM: FFFFB018
engineRPM: FFFF8218
engineState: 44
engineRPM: FFFF8218
engineRPM: FFFF8218
engineState: 44
flashState: 0
engineRPM: FFFF8218
engineRPM: 4018
engineState: 44
engineRPM: 4018
engineRPM: 4018
engineState: 44
engineRPM: 4018
engineRPM: 1018
engineState: 44
engineRPM: 1018
engineRPM: 1018
engineState: 44
engineRPM: 1018
engineRPM: FFFFE617
engineState: 44
flashState: 0
engineRPM: FFFFE617
engineRPM: FFFFE617
engineState: 44
engineRPM: FFFFE617
engineRPM: FFFFAC17
engineState: 44
engineRPM: FFFFAC17
engineRPM: FFFFAC17
engineState: 44
engineRPM: FFFFAC17
engineRPM: 7417
engineState: 44
engineRPM: 7417
engineRPM: 7417
engineState: 44
flashState: 0
engineRPM: 7417
engineRPM: 3A17
engineState: 44
engineRPM: 3A17
engineRPM: 3A17
engineState: 44
engineRPM: 3A17
engineRPM: FFFFF616
engineState: 44
engineRPM: FFFFF616
engineRPM: FFFFF616
engineState: 44
engineRPM: FFFFF616
engineRPM: FFFFAA16
engineState: 44
flashState: 0
engineRPM: FFFFAA16
engineRPM: FFFFAA16
engineState: 44
engineRPM: FFFFAA16
engineRPM: FFFFAA16
engineState: 44
engineRPM: 6A16
engineRPM: 6A16
engineState: 44
engineRPM: 6A16
engineRPM: 6A16
engineState: 44
engineRPM: 3E16
engineRPM: 3E16
engineState: 44
flashState: 0
engineRPM: 3E16
engineRPM: 3E16
engineState: 44
engineRPM: 2C16
engineRPM: 2C16
engineState: 44
engineRPM: 2C16
engineRPM: 2C16
engineState: 44
engineRPM: 2016
engineRPM: 2016
engineState: 44
engineRPM: 2016
engineRPM: 2016
engineState: 44
flashState: 0
engineRPM: 2016
engineRPM: 2016
engineState: 44
engineRPM: 2016
engineRPM: 2016
engineState: 44
engineRPM: 2016
engineRPM: 2416
engineState: 44
engineRPM: 2416
engineRPM: 2416
engineState: 44
engineRPM: 2416
engineRPM: 2C16
engineState: 44
flashState: 0
engineRPM: 2C16
engineRPM: 2C16
engineState: 44
engineRPM: 2C16
engineRPM: 3A16
engineState: 44
engineRPM: 3A16
engineRPM: 3A16
engineState: 44
engineRPM: 3A16
engineRPM: 5A16
engineState: 44
engineRPM: 5A16
engineRPM: 5A16
engineState: 44
flashState: 0
engineRPM: 5A16
engineRPM: 7416
engineState: 44
engineRPM: 7416
engineRPM: 7416
engineState: 44
engineRPM: 7416
engineRPM: 7416
engineState: 44
engineRPM: FFFFAA16
engineRPM: FFFFAA16
engineState: 44
engineRPM: FFFFAA16
engineRPM: FFFFAA16
engineState: 44
flashState: 0
engineRPM: FFFFFC16
engineRPM: FFFFFC16
engineState: 44
engineRPM: FFFFFC16
engineRPM: FFFFFC16
engineState: 44
engineRPM: 6417
engineRPM: 6417
engineState: 44
engineRPM: 6417
engineRPM: 6417
engineState: 44
engineRPM: FFFFCE17
engineRPM: FFFFCE17
engineState: 44
flashState: 0
engineRPM: FFFFCE17
engineRPM: 4818
engineState: 44
engineRPM: 4818
engineRPM: 4818
engineState: 44
engineRPM: 4818
engineRPM: FFFFC818
engineState: 44
engineRPM: FFFFC818
engineRPM: FFFFC818
engineState: 44
engineRPM: FFFFC818
engineRPM: 3219
engineState: 44
flashState: 0
engineRPM: 3219
engineRPM: 3219
engineState: 44
engineRPM: 3219
engineRPM: FFFF9419
engineState: 44
engineRPM: FFFF9419
engineRPM: FFFF9419
engineState: 44
engineRPM: FFFFE019
engineRPM: FFFFE019
engineState: 44
engineRPM: FFFFE019
engineRPM: FFFFE019
engineState: 44
flashState: 0
engineRPM: C1A
engineRPM: C1A
engineState: 44
engineRPM: C1A
engineRPM: 1E1A
engineState: 44
engineRPM: 1E1A
engineRPM: 1E1A
engineState: 44
engineRPM: 1E1A
engineRPM: 241A
engineState: 44
engineRPM: 241A
engineRPM: 241A
engineState: 44
flashState: 0
engineRPM: 241A
engineRPM: 1E1A
engineState: 44
engineRPM: 1E1A
engineRPM: 1E1A
engineState: 44
engineRPM: FFFFFE19
engineRPM: FFFFFE19
engineState: 44
engineRPM: FFFFFE19
engineRPM: FFFFFE19
engineState: 44
engineRPM: FFFFCE19
engineRPM: FFFFCE19
engineState: 44
flashState: 0
engineRPM: FFFFCE19
engineRPM: FFFFCE19
engineState: 44
engineRPM: FFFF9E19
engineRPM: FFFF9E19
engineState: 44
engineRPM: FFFF9E19
engineRPM: FFFF9C19
engineState: 44
engineRPM: FFFF9C19
engineRPM: FFFF9C19
engineState: 44
engineRPM: FFFF9C19
engineRPM: FFFF9C19
engineState: 44
flashState: 0
engineRPM: FFFF9C19
engineRPM: FFFF9C19
engineState: 44
engineRPM: FFFF9C19
engineRPM: FFFF9C19
engineState: 44
engineRPM: FFFF9C19
engineRPM: FFFF9C19
engineState: 44
engineRPM: FFFF8019
engineRPM: FFFF8019
engineState: 44
engineRPM: FFFF8019
engineRPM: FFFF8019
engineState: 44
flashState: 0
engineRPM: 6419
engineRPM: 6419
engineState: 44
engineRPM: 6419
engineRPM: 6419
engineState: 44
engineRPM: 5819
engineRPM: 5819
engineState: 44
engineRPM: 5819
engineRPM: 4619
engineState: 44
engineRPM: 4619
engineRPM: 4619
engineState: 44
flashState: 0
engineRPM: 4619
engineRPM: 2819
engineState: 44
engineRPM: 2819
engineRPM: 2819
engineState: 44
engineRPM: 2819
engineRPM: 1819
engineState: 44
engineRPM: 1819
engineRPM: 1819
engineState: 44
engineRPM: 1819
engineRPM: FFFFF018
engineState: 44
flashState: 0
engineRPM: FFFFF018
engineRPM: FFFFF018
engineState: 44
engineRPM: FFFFDE18
engineRPM: FFFFDE18
engineState: 44
engineRPM: FFFFDE18
engineRPM: FFFFDE18
engineState: 40
engineRPM: FFFFCE18
engineRPM: FFFFCE18
engineState: 40
engineRPM: FFFFCE18
engineRPM: FFFFCE18
engineState: 40
flashState: 0
engineRPM: FFFFD016
engineRPM: FFFFD016
engineState: 40
engineRPM: FFFFD016
engineRPM: FFFFD016
engineState: 40
engineRPM: FFFFD016
engineRPM: 7A13
engineState: 40
engineRPM: 7A13
engineRPM: 7A13
engineState: 40
engineRPM: 7A13
engineRPM: 7A13
engineState: 40
flashState: 0
engineRPM: 7A13
engineRPM: 3410
engineState: 40
engineRPM: 3410
engineRPM: 3410
engineState: 40
engineRPM: 3410
engineRPM: 3410
engineState: 40
engineRPM: 3410
engineRPM: 3410
engineState: 40
engineRPM: FFFFD20D
engineRPM: FFFFD20D
engineState: 40
flashState: 0
engineRPM: FFFFD20D
engineRPM: FFFFD20D
engineState: 40
engineRPM: FFFFD20D
engineRPM: FFFFD20D
engineState: 40
engineRPM: FFFFD20D
engineRPM: FFFFD20D
engineState: 40
engineRPM: 300B
engineRPM: 300B
engineState: 40
engineRPM: 300B
engineRPM: 300B
engineState: 40
flashState: 0
engineRPM: 300B
engineRPM: 300B
engineState: 40
engineRPM: 300B
engineRPM: 300B
engineState: 40
engineRPM: 300B
engineRPM: 300B
engineState: 40
engineRPM: 300B
engineRPM: 300B
engineState: 40
engineRPM: 300B
engineRPM: 300B
engineState: 40
flashState: 0
engineRPM: 300B
engineRPM: 4406
engineState: 40
engineRPM: 4406
engineRPM: 4406
engineState: 40
engineRPM: 4406
engineRPM: 4406
engineState: 40
engineRPM: 4406
engineRPM: 4406
engineState: 40
engineRPM: 4406
engineRPM: 4406
engineState: 40
flashState: 0
engineRPM: 4406
engineRPM: 4406
engineState: 40
engineRPM: 4406
engineRPM: 4406
engineState: 40
engineRPM: 4406
engineRPM: 4406
engineState: 40
engineRPM: 4406
engineRPM: 4406
engineState: 40
engineRPM: 4406
engineRPM: 4406
engineState: 40
flashState: 0
engineRPM: 0
engineRPM: 0
engineState: 40
engineRPM: 0
engineRPM: 0
engineState: 40
engineRPM: 0
engineRPM: 0
engineState: 40
engineRPM: 0
engineRPM: 0
engineState: 40
engineRPM: 0
engineRPM: 0
engineState: 40
flashState: 0
engineRPM: 0
engineRPM: 0
engineState: 40
engineRPM: 0
engineRPM: 0
engineState: 40
engineRPM: 0
engineRPM: 0
engineState: 40
engineRPM: 0
engineRPM: 0
engineState: 0
engineRPM: 0
engineRPM: 0
engineState: 0
flashState: 0
engineRPM: 0
engineRPM: 0
engineState: 0
engineRPM: 0
engineRPM: 0
engineState: 0
engineRPM: 0
engineRPM: 0
engineState: 0
engineRPM: 0
engineRPM: 0
engineState: 0
engineRPM: 0
engineRPM: 0
engineState: 0
flashState: 0
engineRPM: 0
engineRPM: 0
engineState: 0
engineRPM: 0
engineRPM: 0
engineState: 0
engineRPM: 0
engineRPM: 0
engineState: 0
engineRPM: 0
engineRPM: 0
engineState: 0
engineRPM: 0
engineRPM: 0
engineState: 0
flashState: 0
engineRPM: 0
engineRPM: 0
engineState: 0
engineRPM: 0
engineRPM: 0
engineState: 0
engineRPM: 0
engineRPM: 0
engineState: 0
engineRPM: 0
engineRPM: 0
engineState: 0
engineRPM: 0
engineRPM: 0
engineState: 0
flashState: 0
engineRPM: 0
engineRPM: 0
engineState: 0
engineRPM: 0
engineRPM: 0
engineState: 0
engineRPM: 0
engineRPM: 0
engineState: 0
engineRPM: 0
engineRPM: 0
engineState: 0
engineRPM: 0
engineRPM: 0
engineState: 0
flashState: 0
engineRPM: 0
engineRPM: 0
engineState: 0
engineRPM: 0
engineRPM: 0
engineState: 0
engineRPM: 0
engineRPM: 0
engineState: 0
engineRPM: 0
engineRPM: 0
engineState: 0
engineRPM: 0
engineRPM: 0
engineState: 0
flashState: 0
engineRPM: 0
engineRPM: 0
engineState: 0
engineRPM: 0
engineRPM: 0
engineState: 0
engineRPM: 0
engineRPM: 0
engineState: 0
engineRPM: 0
engineRPM: 0
engineState: 0
engineRPM: 0
engineRPM: 0
engineState: 0
flashState: 0
engineRPM: 0
engineRPM: 0
engineState: 0
engineRPM: 0
engineRPM: 0
engineState: 0
engineRPM: 0
engineRPM: 0
engineState: 0
engineRPM: 0
engineRPM: 0
engineState: 0
engineRPM: 0
engineRPM: 0
engineState: 0
flashState: 0
engineRPM: 0
engineRPM: 0
engineState: 0
engineRPM: 0
engineRPM: 0
engineState: 0
engineRPM: 0
engineRPM: 0
engineState: 0
engineRPM: 0
engineRPM: 0
engineState: 0
engineRPM: 0
engineRPM: 0
engineState: 0
flashState: 0
engineRPM: 0
engineRPM: 0
engineState: 0
engineRPM: 0
engineRPM: 0
engineState: 0
engineRPM: 0
engineRPM: 0
engineState: 0
engineRPM: 0
engineRPM: 0
engineState: 0
engineRPM: 0
engineRPM: 0
engineState: 0
flashState: 0
engineRPM: 0
engineRPM: 0
engineState: 0
engineRPM: 0
engineRPM: 0
engineState: 0
engineRPM: 0
engineRPM: 0
engineState: 0
engineRPM: 0
engineRPM: 0
engineState: 0
engineRPM: 0
engineRPM: 0
engineState: 0
flashState: 0
engineRPM: 0
engineRPM: 0
engineState: 0
engineRPM: 0
engineRPM: 0
engineState: 0
engineRPM: 0
engineRPM: 0
engineState: 0
engineRPM: 0
engineRPM: 0
engineState: 0
engineRPM: 0
engineRPM: 0
engineState: 0
flashState: 0
engineRPM: 0
engineRPM: 0
engineState: 0
engineRPM: 0
engineRPM: 0
engineState: 0
engineRPM: 0
engineRPM: 0
engineState: 0
engineRPM: 0
engineRPM: 0
engineState: 0
engineRPM: 0
engineRPM: 0
engineState: 0
flashState: 0
engineRPM: 0
engineRPM: 0
engineState: 0
engineRPM: 0
engineRPM: 0
engineState: 0
engineRPM: 0
engineRPM: 0
engineState: 0
engineRPM: 0
engineRPM: 0
engineState: 0
engineRPM: 0
engineRPM: 0
engineState: 0
flashState: 0
engineRPM: 0
engineRPM: 0
engineState: 0
engineRPM: 0
engineRPM: 0
engineState: 0
engineRPM: 0
engineRPM: 0
engineState: 0
engineRPM: 0
engineRPM: 0
engineState: 0
engineRPM: 0
engineRPM: 0
engineState: 0
flashState: 0
engineRPM: 0
engineRPM: 0
engineState: 0
engineRPM: 0
engineRPM: 0
engineState: 0
engineRPM: 0
engineRPM: 0
engineState: 0
engineRPM: 0
engineRPM: 0
engineState: 0
engineRPM: 0
engineRPM: 0
engineState: 0
flashState: 0
engineRPM: 0
engineRPM: 0
engineState: 0
engineRPM: 0
engineRPM: 0
engineState: 0
engineRPM: 0
engineRPM: 0
engineState: 0
engineRPM: 0
engineRPM: 0
engineState: 0
engineRPM: 0
engineRPM: 0
engineState: 0
flashState: 0
engineRPM: 0
engineRPM: 0
engineState: 0
engineRPM: 0
engineRPM: 0
engineState: 0
engineRPM: 0
engineRPM: 0
engineState: 0
engineRPM: 0
engineRPM: 0
engineState: 0
engineRPM: 0
engineRPM: 0
engineState: 0
flashState: 0
engineRPM: 0
engineRPM: 0
engineState: 0
engineRPM: 0
engineRPM: 0
engineState: 0
engineRPM: 0
engineRPM: 0
engineState: 0
engineRPM: 0
engineRPM: 0
engineState: 0
engineRPM: 0
engineRPM: 0
engineState: 0
flashState: 0
engineRPM: 0
engineRPM: 0
engineState: 0
engineRPM: 0
engineRPM: 0
engineState: 0
engineRPM: 0
engineRPM: 0
engineState: 0
engineRPM: 0
engineRPM: 0
engineState: 0
engineRPM: 0
engineRPM: 0
engineState: 0
flashState: 0
engineRPM: 0
engineRPM: 0
engineState: 0
engineRPM: 0
engineRPM: 0
engineState: 0
engineRPM: 0
engineRPM: 0
engineState: 0
engineRPM: 0
engineRPM: 0
engineState: 0
engineRPM: 0
engineRPM: 0
engineState: 0
flashState: 0
engineRPM: 0
engineRPM: 0
engineState: 0
engineRPM: 0
engineRPM: 0
engineState: 0
engineRPM: 0
engineRPM: 0
engineState: 0
engineRPM: 0
engineRPM: 0
engineState: 0
engineRPM: 0
engineRPM: 0
engineState: 0
flashState: 0
engineRPM: 0
engineRPM: 0
engineState: 0
engineRPM: 0
engineRPM: 0
engineState: 0
engineRPM: 0
engineRPM: 0
engineState: 0
engineRPM: 0
engineRPM: 0
engineState: 0
engineRPM: 0
engineRPM: 0
engineState: 0
engineRPM: 0
flashState: 0
engineRPM: 0
engineState: 0
engineRPM: 0
engineRPM: 0
engineState: 0
engineRPM: 0
engineRPM: 0
engineState: 0
engineRPM: 0
engineState: 0
engineRPM: 0
engineRPM: 0
engineState: 0
engineRPM: 0
engineRPM: 0
flashState: 0
engineRPM: 0
engineState: 0
engineRPM: 0
engineState: 0
engineRPM: 0
engineRPM: 0
engineRPM: 0
engineState: 0
engineRPM: 0
engineRPM: 0
engineState: 0
engineRPM: 0
engineRPM: 0
engineState: 0
engineRPM: 0
flashState: 0
engineState: 0
engineRPM: 0
engineRPM: 0
engineState: 0
engineRPM: 0
engineRPM: 0
engineState: 0
engineRPM: 0
engineRPM: 0
engineState: 0
engineRPM: 0
engineRPM: 0
engineState: 0
engineRPM: 0
engineRPM: 0
flashState: 0
engineState: 0
engineRPM: 0
engineRPM: 0
engineState: 0
engineRPM: 0
engineRPM: 0
engineState: 0
engineRPM: 0
engineRPM: 0
engineState: 0
engineRPM: 0
engineRPM: 0
engineState: 0
engineRPM: 0
engineRPM: 0
flashState: 0
engineState: 0
engineRPM: 0
engineRPM: 0
engineState: 0
engineRPM: 0
engineRPM: 0
engineState: 0
engineRPM: 0
engineRPM: 0
engineState: 0
engineRPM: 0
engineRPM: 0
engineState: 0
engineRPM: 0
engineRPM: 0
flashState: 0
engineState: 0
engineRPM: 0
engineRPM: 0
engineState: 0
engineRPM: 0
engineRPM: 0
engineState: 0
engineRPM: 0
engineRPM: 0
engineState: 0
engineRPM: 0
engineRPM: 0
engineState: 0
engineRPM: 0
engineRPM: 0
flashState: 0
engineState: 0
engineRPM: 0
engineRPM: 0
engineState: 0
engineRPM: 0
engineRPM: 0
engineState: 0
engineRPM: 0
engineRPM: 0
engineState: 0
engineRPM: 0
engineRPM: 0
engineState: 0
engineRPM: 0
engineRPM: 0
flashState: 0
engineState: 0
engineRPM: 0
engineRPM: 0
engineState: 0
engineRPM: 0
engineRPM: 0
engineState: 0
engineRPM: 0
engineRPM: 0
engineState: 0
engineRPM: 0
engineRPM: 0
engineState: 0
engineRPM: 0
engineRPM: 0
flashState: 0
engineState: 0
engineRPM: 0
engineRPM: 0
engineState: 0
engineRPM: 0
engineRPM: 0
engineState: 0
engineRPM: 0
engineRPM: 0
engineState: 0
engineRPM: 0
engineRPM: 0
engineState: 0
engineRPM: 0
engineRPM: 0
flashState: 0
engineState: 0
engineRPM: 0
engineRPM: 0
engineState: 0
engineRPM: 0
engineRPM: 0
engineState: 0
engineRPM: 0
engineRPM: 0
engineState: 0
engineRPM: 0
engineRPM: 0
engineState: 0
engineRPM: 0
engineRPM: 0
flashState: 0
engineState: 0
engineRPM: 0
engineRPM: 0
engineState: 0
engineRPM: 0
engineRPM: 0
engineState: 0
engineRPM: 0
engineRPM: 0
engineState: 0
engineRPM: 0
engineRPM: 0
engineState: 0
engineRPM: 0
engineRPM: 0
flashState: 0
engineState: 0
engineRPM: 0
engineRPM: 0
engineState: 0
engineRPM: 0
engineRPM: 0
engineState: 0
engineRPM: 0
engineRPM: 0
engineState: 0
engineRPM: 0
engineRPM: 0
engineState: 0
engineRPM: 0
engineRPM: 0
flashState: 0
engineState: 0
engineRPM: 0
engineRPM: 0
engineState: 0
engineRPM: 0
engineRPM: 0
engineState: 0
engineRPM: 0
engineRPM: 0
engineState: 0
engineRPM: 0
engineRPM: 0
engineState: 0
engineRPM: 0
engineRPM: 0
flashState: 0
engineState: 0
engineRPM: 0
engineRPM: 0
engineState: 0
engineRPM: 0
engineRPM: 0
engineState: 0
engineRPM: 0
engineRPM: 0
engineState: 0
engineRPM: 0
engineRPM: 0
engineState: 0
engineRPM: 0
engineRPM: 0
flashState: 0
engineState: 0
engineRPM: 0
engineRPM: 0
engineState: 0
engineRPM: 0
engineRPM: 0
engineState: 0
engineRPM: 0
engineRPM: 0
engineState: 0
engineRPM: 0
engineRPM: 0
engineState: 0
engineRPM: 0
engineRPM: 0
flashState: 0
engineState: 0
engineRPM: 0
engineRPM: 0
engineState: 0
engineRPM: 0
engineRPM: 0
engineState: 0
engineRPM: 0
engineRPM: 0
engineState: 0
engineRPM: 0
engineRPM: 0
engineState: 0
engineRPM: 0
engineRPM: 0
flashState: 0
engineState: 0
engineRPM: 0
engineRPM: 0
engineState: 0
engineRPM: 0
engineRPM: 0
engineState: 0
engineRPM: 0
engineRPM: 0
engineState: 0
engineRPM: 0
engineRPM: 0
engineState: 0
engineRPM: 0
engineRPM: 0
flashState: 0
engineState: 0
engineRPM: 0
engineRPM: 0
engineState: 0
engineRPM: 0
engineRPM: 0
engineState: 0
engineRPM: 0
engineRPM: 0
engineState: 0
engineRPM: 0
engineRPM: 0
engineState: 0
engineRPM: 0
engineRPM: 0
flashState: 0
engineState: 0
engineRPM: 0
engineRPM: 0
engineState: 0
engineRPM: 0
engineRPM: 0
engineState: 0
engineRPM: 0
engineRPM: 0
engineState: 0
engineRPM: 0
engineRPM: 0
engineState: 0
engineRPM: 0
engineRPM: 0
flashState: 0
engineState: 0
engineRPM: 0
engineRPM: 0
engineState: 0
engineRPM: 0
engineRPM: 0
engineState: 0
engineRPM: 0
engineRPM: 0
engineState: 0
engineRPM: 0
engineRPM: 0
engineState: 0
engineRPM: 0
engineRPM: 0
flashState: 0
engineState: 0
engineRPM: 0
engineRPM: 0
engineState: 0
engineRPM: 0
engineRPM: 0
engineState: 0
engineRPM: 0
engineRPM: 0
engineState: 0
engineRPM: 0
engineRPM: 0
engineState: 0
engineRPM: 0
engineRPM: 0
flashState: 0
engineState: 0
engineRPM: 0
engineRPM: 0
engineState: 0
engineRPM: 0
engineRPM: 0
engineState: 0
engineRPM: 0
engineRPM: 0
engineState: 0
engineRPM: 0
engineRPM: 0
engineState: 0
engineRPM: 0
engineRPM: 0
flashState: 0
engineState: 0
engineRPM: 0
engineRPM: 0
engineState: 0
engineRPM: 0
engineRPM: 0
engineState: 0
engineRPM: 0
engineRPM: 0
engineState: 0
engineRPM: 0
engineRPM: 0
engineState: 0
engineRPM: 0
engineRPM: 0
flashState: 0
engineState: 0
engineRPM: 0
engineRPM: 0
engineState: 0
engineRPM: 0
engineRPM: 0
engineState: 0
engineRPM: 0
engineRPM: 0
engineState: 0
engineRPM: 0
engineRPM: 0
engineState: 0
engineRPM: 0
engineRPM: 0
flashState: 0
engineState: 0
engineRPM: 0
engineRPM: 0
engineState: 0
engineRPM: 0
engineRPM: 0
engineState: 0
engineRPM: 0
engineRPM: 0
engineState: 0
engineRPM: 0
engineRPM: 0
engineState: 0
engineRPM: 0
engineRPM: 0
flashState: 0
engineState: 0
engineRPM: 0
engineRPM: 0
engineState: 0
engineRPM: 0
engineRPM: 0
engineState: 0
engineRPM: 0
engineRPM: 0
engineState: 0
engineRPM: 0
flashState: 4
engineRPM: 0
engineState: 0
engineRPM: 0
engineRPM: 0
flashState: 4
engineState: 0
engineRPM: 0
engineRPM: 0
engineState: 0
engineRPM: 0
engineRPM: 0
engineState: 0
engineRPM: 0
engineRPM: 0
engineState: 0
engineRPM: 0
engineRPM: 0
engineState: 0
engineRPM: 0
engineRPM: 0
flashState: 4
engineState: 0
engineRPM: 0
engineRPM: 0
engineState: 0
engineRPM: 0
engineRPM: 0
engineState: 0
engineRPM: 0
engineRPM: 0
engineState: 0
engineRPM: 0
engineRPM: 0
engineState: 0
engineRPM: 0
engineRPM: 0
flashState: 4
engineState: 0
engineRPM: 0
engineRPM: 0
engineState: 0
engineRPM: 0
engineRPM: 0
engineState: 0
engineRPM: 0
engineRPM: 0
engineState: 0
engineRPM: 0
engineRPM: 0
engineState: 0
engineRPM: 0
engineRPM: 0
flashState: 4
engineState: 0
engineRPM: 0
engineRPM: 0
engineState: 0
engineRPM: 0
engineRPM: 0
engineState: 0
engineRPM: 0
engineRPM: 0
engineState: 0
engineRPM: 0
engineRPM: 0
engineState: 0
engineRPM: 0
engineRPM: 0
flashState: 4
engineState: 0
engineRPM: 0
engineRPM: 0
engineState: 0
engineRPM: 0
engineRPM: 0
engineState: 0
engineRPM: 0
engineRPM: 0
engineState: 0
engineRPM: 0
engineRPM: 0
engineState: 0
engineRPM: 0
engineRPM: 0
flashState: 4
engineState: 0
engineRPM: 0
engineRPM: 0
engineState: 0
engineRPM: 0
engineRPM: 0
engineState: 0
engineRPM: 0
engineRPM: 0
engineState: 0
engineRPM: 0
engineRPM: 0
engineState: 0
engineRPM: 0
engineRPM: 0
flashState: 4
engineState: 0
engineRPM: 0
engineRPM: 0
engineState: 0
engineRPM: 0
engineRPM: 0
engineState: 0
engineRPM: 0
engineRPM: 0
engineState: 0
engineRPM: 0
engineRPM: 0
engineState: 0
engineRPM: 0
engineRPM: 0
flashState: 4
engineState: 0
engineRPM: 0
engineRPM: 0
engineState: 0
engineRPM: 0
engineRPM: 0
engineState: 0
engineRPM: 0
engineRPM: 0
engineState: 0
engineRPM: 0
engineRPM: 0
engineState: 0
engineRPM: 0
engineRPM: 0
flashState: 4
engineState: 0
engineRPM: 0
engineRPM: 0
engineState: 0
engineRPM: 0
engineRPM: 0
engineState: 0
engineRPM: 0
engineRPM: 0
engineState: 0
engineRPM: 0
engineRPM: 0
engineState: 0
engineRPM: 0
engineRPM: 0
flashState: 4
engineState: 0
engineRPM: 0
engineRPM: 0
engineState: 0
engineRPM: 0
engineRPM: 0
engineState: 0
engineRPM: 0
engineRPM: 0
engineState: 0
engineRPM: 0
engineRPM: 0
engineState: 0
engineRPM: 0
engineRPM: 0
flashState: 4
engineState: 0
engineRPM: 0
engineRPM: 0
engineState: 0
engineRPM: 0
engineRPM: 0
engineState: 0
engineRPM: 0
engineRPM: 0
engineState: 0
engineRPM: 0
engineRPM: 0
engineState: 0
engineRPM: 0
engineRPM: 0
flashState: 4
engineState: 0
engineRPM: 0
engineRPM: 0
engineState: 0
engineRPM: 0
engineRPM: 0
engineState: 0
engineRPM: 0
engineRPM: 0
engineState: 0
engineRPM: 0
engineRPM: 0
engineState: 0
engineRPM: 0
engineRPM: 0
flashState: 4
engineState: 0
engineRPM: 0
engineRPM: 0
engineState: 0
engineRPM: 0
engineRPM: 0
engineState: 0
engineRPM: 0
engineRPM: 0
engineState: 0
engineRPM: 0
engineRPM: 0
engineState: 0
engineRPM: 0
engineRPM: 0
flashState: 4
engineState: 0
engineRPM: 0
engineRPM: 0
engineState: 0
engineRPM: 0
engineRPM: 0
engineState: 0
engineRPM: 0
engineRPM: 0
engineState: 0
engineRPM: 0
engineRPM: 0
engineState: 0
engineRPM: 0
engineRPM: 0
flashState: 4
engineState: 0
engineRPM: 0
engineRPM: 0
engineState: 0
engineRPM: 0
engineRPM: 0
engineState: 0
engineRPM: 0
engineRPM: 0
engineState: 0
engineRPM: 0
engineRPM: 0
engineState: 0
engineRPM: 0
engineRPM: 0
flashState: 4
engineState: 0
engineRPM: 0
engineRPM: 0
engineState: 0
engineRPM: 0
engineRPM: 0
engineState: 0
engineRPM: 0
engineRPM: 0
engineState: 0
engineRPM: 0
engineRPM: 0
engineState: 0
engineRPM: 0
engineRPM: 0
flashState: 4
engineState: 0
engineRPM: 0
engineRPM: 0
engineState: 0
engineRPM: 0
engineRPM: 0
engineState: 0
engineRPM: 0
engineRPM: 0
engineState: 0
engineRPM: 0
engineRPM: 0
engineState: 0
engineRPM: 0
engineRPM: 0
flashState: 4
engineState: 0
engineRPM: 0
engineRPM: 0
engineState: 0
engineRPM: 0
engineRPM: 0
engineState: 0
engineRPM: 0
engineRPM: 0
engineState: 0
engineRPM: 0
engineRPM: 0
engineState: 0
engineRPM: 0
engineRPM: 0
flashState: 4
engineState: 0
engineRPM: 0
engineRPM: 0
engineState: 0
engineRPM: 0
engineRPM: 0
engineState: 0
engineRPM: 0
engineRPM: 0
engineState: 0
engineRPM: 0
engineRPM: 0
engineState: 0
engineRPM: 0
engineRPM: 0
flashState: 4
engineState: 0
engineRPM: 0
engineRPM: 0
engineState: 0
engineRPM: 0
engineRPM: 0
engineState: 0
engineRPM: 0
engineRPM: 0
engineState: 0
engineRPM: 0
engineRPM: 0
engineState: 0
engineRPM: 0
engineRPM: 0
flashState: 4
engineState: 0
engineRPM: 0
engineRPM: 0
engineState: 0
engineRPM: 0
engineRPM: 0
engineState: 0
engineRPM: 0
engineRPM: 0
engineState: 0
engineRPM: 0
engineRPM: 0
engineState: 0
engineRPM: 0
engineRPM: 0
flashState: 4
engineState: 0
engineRPM: 0
engineRPM: 0
engineState: 0
engineRPM: 0
engineRPM: 0
engineState: 0
engineRPM: 0
engineRPM: 0
engineState: 0
engineRPM: 0
engineRPM: 0
engineState: 0
engineRPM: 0
engineRPM: 0
flashState: 4
engineState: 0
engineRPM: 0
engineRPM: 0
engineState: 0
engineRPM: 0
engineRPM: 0
engineState: 0
engineRPM: 0
engineRPM: 0
engineState: 0
engineRPM: 0
engineRPM: 0
engineState: 0
engineRPM: 0
engineRPM: 0
flashState: 4
engineState: 0
engineRPM: 0
engineRPM: 0
engineState: 0
engineRPM: 0
engineRPM: 0
engineState: 0
engineRPM: 0
engineRPM: 0
engineState: 0
engineRPM: 0
engineRPM: 0
engineState: 0
engineRPM: 0
engineRPM: 0
flashState: 4
engineState: 0
engineRPM: 0
engineRPM: 0
engineState: 0
engineRPM: 0
engineRPM: 0
engineState: 0
engineRPM: 0
engineRPM: 0
engineState: 0
engineRPM: 0
engineRPM: 0
engineState: 0
engineRPM: 0
engineRPM: 0
flashState: 4
engineState: 0
engineRPM: 0
engineRPM: 0
engineState: 0
engineRPM: 0
engineRPM: 0
engineState: 0
engineRPM: 0
engineRPM: 0
engineState: 0
engineRPM: 0
engineRPM: 0
engineState: 0
engineRPM: 0
engineRPM: 0
flashState: 4
engineState: 0
engineRPM: 0
engineRPM: 0
engineState: 0
engineRPM: 0
engineRPM: 0
engineState: 0
engineRPM: 0
engineRPM: 0
engineState: 0
engineRPM: 0
engineRPM: 0
engineState: 0
engineRPM: 0
engineRPM: 0
flashState: 4
engineState: 0
engineRPM: 0
engineRPM: 0
engineState: 0
engineRPM: 0
engineRPM: 0
engineState: 0
engineRPM: 0
engineRPM: 0
engineState: 0
engineRPM: 0
engineRPM: 0
engineState: 0
engineRPM: 0
engineRPM: 0
flashState: 4
engineState: 0
engineRPM: 0
engineRPM: 0
engineState: 0
engineRPM: 0
engineRPM: 0
engineState: 0
engineRPM: 0
engineRPM: 0
engineState: 0
engineRPM: 0
engineRPM: 0
engineState: 0
engineRPM: 0
engineRPM: 0
flashState: 4
engineState: 0
engineRPM: 0
engineRPM: 0
engineState: 0
engineRPM: 0
engineRPM: 0
engineState: 0
engineRPM: 0
engineRPM: 0
engineState: 0
engineRPM: 0
engineRPM: 0
engineState: 0
engineRPM: 0
engineRPM: 0
flashState: 4
engineState: 0
engineRPM: 0
engineRPM: 0
engineState: 0
engineRPM: 0
engineRPM: 0
engineState: 0
engineRPM: 0
engineRPM: 0
engineState: 0
engineRPM: 0
engineRPM: 0
engineState: 0
engineRPM: 0
engineRPM: 0
flashState: 4
engineState: 0
engineRPM: 0
engineRPM: 0
engineState: 0
engineRPM: 0
engineRPM: 0
engineState: 0
engineRPM: 0
engineRPM: 0
engineState: 0
engineRPM: 0
engineRPM: 0
engineState: 0
engineRPM: 0
engineRPM: 0
flashState: 4
engineState: 0
engineRPM: 0
engineRPM: 0
engineState: 0
engineRPM: 0
engineRPM: 0
engineState: 0
engineRPM: 0
engineRPM: 0
engineState: 0
engineRPM: 0
engineRPM: 0
engineState: 0
engineRPM: 0
engineRPM: 0
flashState: 4
engineState: 0
engineRPM: 0
engineRPM: 0
engineState: 0
engineRPM: 0
engineRPM: 0
engineState: 0
engineRPM: 0
engineRPM: 0
engineState: 0
engineRPM: 0
engineRPM: 0
engineState: 0
engineRPM: 0
engineRPM: 0
flashState: 4
engineState: 0
engineRPM: 0
engineRPM: 0
engineState: 0
engineRPM: 0
engineRPM: 0
engineState: 0
engineRPM: 0
engineRPM: 0
engineState: 0
engineRPM: 0
engineRPM: 0
engineState: 0
engineRPM: 0
engineRPM: 0
flashState: 4
engineState: 0
engineRPM: 0
engineRPM: 0
engineState: 0
engineRPM: 0
engineRPM: 0
engineState: 0
engineRPM: 0
engineRPM: 0
engineState: 0
engineRPM: 0
engineRPM: 0
engineState: 0
engineRPM: 0
engineRPM: 0
flashState: 4
engineState: 0
engineRPM: 0
engineRPM: 0
engineState: 0
engineRPM: 0
engineRPM: 0
engineState: 0
engineRPM: 0
flashState: 0
engineRPM: 0
engineState: 0
engineRPM: 0
engineRPM: 0
engineState: 0
engineRPM: 0
engineRPM: 0
flashState: 0
engineState: 0
engineRPM: 0
engineRPM: 0
engineState: 0
engineRPM: 0
engineRPM: 0
engineState: 0
engineRPM: 0
engineRPM: 0
engineState: 0
engineRPM: 0
engineRPM: 0
engineState: 0
engineRPM: 0
engineRPM: 0
flashState: 0
engineState: 0
engineRPM: 0
engineRPM: 0
engineState: 0
engineRPM: 0
engineRPM: 0
engineState: 0
engineRPM: 0
engineRPM: 0
engineState: 0
engineRPM: 0
engineRPM: 0
engineState: 0
engineRPM: 0
engineRPM: 0
flashState: 0
engineState: 0
engineRPM: 0
engineRPM: 0
engineState: 0
engineRPM: 0
engineRPM: 0
engineState: 0
engineRPM: 0
engineRPM: 0
engineState: 0
engineRPM: 0
engineRPM: 0
engineState: 0
engineRPM: 0
engineRPM: 0
flashState: 0
engineState: 0
engineRPM: 0
engineRPM: 0
engineState: 0
engineRPM: 0
engineRPM: 0
engineState: 0
engineRPM: 0
engineRPM: 0
engineState: 0
engineRPM: 0
engineRPM: 0
engineState: 0
engineRPM: 0
engineRPM: 0
flashState: 0
engineState: 0
engineRPM: 0
engineRPM: 0
engineState: 0
engineRPM: 0
engineRPM: 0
engineState: 0
engineRPM: 0
engineRPM: 0
engineState: 0
engineRPM: 0
engineRPM: 0
engineState: 0
engineRPM: 0
engineRPM: 0
flashState: 0
engineState: 0
engineRPM: 0
engineRPM: 0
engineState: 0
engineRPM: 0
engineRPM: 0
engineState: 0
engineRPM: 0
engineRPM: 0
engineState: 0
engineRPM: 0
engineRPM: 0
engineState: 0
engineRPM: 0
engineRPM: 0
flashState: 0
engineState: 0
engineRPM: 0
engineRPM: 0
engineState: 0
engineRPM: 0
engineRPM: 0
engineState: 0
engineRPM: 0
engineRPM: 0
engineState: 0
engineRPM: 0
engineRPM: 0
engineState: 0
engineRPM: 0
engineRPM: 0
flashState: 0
engineState: 0
engineRPM: 0
engineRPM: 0
engineState: 0
engineRPM: 0
engineRPM: 0
engineState: 0
engineRPM: 0
engineRPM: 0
engineState: 0
engineRPM: 0
engineRPM: 0
engineState: 0
engineRPM: 0
engineRPM: 0
flashState: 0
engineState: 0
engineRPM: 0
engineRPM: 0
engineState: 0
engineRPM: 0
engineRPM: 0
engineState: 0
engineRPM: 0
engineRPM: 0
engineState: 0
engineRPM: 0
engineRPM: 0
engineState: 0
engineRPM: 0
engineRPM: 0
flashState: 0
engineState: 0
engineRPM: 0
engineRPM: 0
engineState: 0
engineRPM: 0
engineRPM: 0
engineState: 0
engineRPM: 0
engineRPM: 0
engineState: 0
engineRPM: 0
engineRPM: 0
engineState: 0
engineRPM: 0
engineRPM: 0
flashState: 0
engineState: 0
engineRPM: 0
engineRPM: 0
engineState: 0
engineRPM: 0
engineRPM: 0
engineState: 0
engineRPM: 0
engineRPM: 0
engineState: 0
engineRPM: 0
engineRPM: 0
engineState: 0
engineRPM: 0
engineRPM: 0
flashState: 0
engineState: 0
engineRPM: 0
engineRPM: 0
engineState: 0
engineRPM: 0
engineRPM: 0
engineState: 0
engineRPM: 0
engineRPM: 0
engineState: 0
engineRPM: 0
engineRPM: 0
engineState: 0
engineRPM: 0
engineRPM: 0
flashState: 0
engineState: 0
engineRPM: 0
engineRPM: 0
engineState: 0
engineRPM: 0
engineRPM: 0
engineState: 0
engineRPM: 0
engineRPM: 0
engineState: 0
engineRPM: 0
engineRPM: 0
engineState: 0
engineRPM: 0
engineRPM: 0
flashState: 0
engineState: 0
engineRPM: 0
engineRPM: 0
engineState: 0
engineRPM: 0
engineRPM: 0
engineState: 0
engineRPM: 0
engineRPM: 0
engineState: 0
engineRPM: 0
engineRPM: 0
engineState: 0
engineRPM: 0
engineRPM: 0
flashState: 0
engineState: 0
engineRPM: 0
engineRPM: 0
engineState: 0
engineRPM: 0
engineRPM: 0
engineState: 0
engineRPM: 0
engineRPM: 0
engineState: 0
engineRPM: 0
engineRPM: 0
engineState: 0
engineRPM: 0
engineRPM: 0
flashState: 0
engineState: 0
engineRPM: 0
engineRPM: 0
engineState: 0
engineRPM: 0
engineRPM: 0
engineState: 0
engineRPM: 0
engineRPM: 0
engineState: 0
engineRPM: 0
engineRPM: 0
engineState: 0
engineRPM: 0
engineRPM: 0
flashState: 0
engineState: 0
engineRPM: 0
engineRPM: 0
engineState: 0
engineRPM: 0
engineRPM: 0
engineState: 0
engineRPM: 0
engineRPM: 0
engineState: 0
engineRPM: 0
engineRPM: 0
engineState: 0
engineRPM: 0
engineRPM: 0
flashState: 0
engineState: 0
engineRPM: 0
engineRPM: 0
engineState: 0
engineRPM: 0
engineRPM: 0
engineState: 0
engineRPM: 0
engineRPM: 0
engineState: 0
engineRPM: 0
engineRPM: 0
engineState: 0
engineRPM: 0
engineRPM: 0
flashState: 0
engineState: 0
engineRPM: 0
engineRPM: 0
engineState: 0
engineRPM: 0
engineRPM: 0
engineState: 0
engineRPM: 0
engineRPM: 0
engineState: 0
engineRPM: 0
engineRPM: 0
engineState: 0
engineRPM: 0
engineRPM: 0
flashState: 0
engineState: 0
engineRPM: 0
engineRPM: 0
engineState: 0
engineRPM: 0
engineRPM: 0
engineState: 0
engineRPM: 0
engineRPM: 0
engineState: 0
engineRPM: 0
engineRPM: 0
engineState: 0
engineRPM: 0
engineRPM: 0
flashState: 0
engineState: 0
engineRPM: 0
engineRPM: 0
engineState: 0
engineRPM: 0
engineRPM: 0
engineState: 0
engineRPM: 0
engineRPM: 0
engineState: 0
engineRPM: 0
engineRPM: 0
engineState: 0
engineRPM: 0
engineRPM: 0
flashState: 0
engineState: 0
engineRPM: 0
engineRPM: 0
engineState: 0
engineRPM: 0
engineRPM: 0
engineState: 0
engineRPM: 0
engineRPM: 0
engineState: 0
engineRPM: 0
engineRPM: 0
engineState: 0
engineRPM: 0
engineRPM: 0
flashState: 0
engineState: 0
engineRPM: 0
engineRPM: 0
engineState: 0
engineRPM: 0
engineRPM: 0
engineState: 0
engineRPM: 0
engineRPM: 0
engineState: 0
engineRPM: 0
engineRPM: 0
engineState: 0
engineRPM: 0
engineRPM: 0
flashState: 0
engineState: 0
engineRPM: 0
engineRPM: 0
engineState: 0
engineRPM: 0
engineRPM: 0
engineState: 0
engineRPM: 0
engineRPM: 0
engineState: 0
engineRPM: 0
engineRPM: 0
engineState: 0
engineRPM: 0
engineRPM: 0
flashState: 0
engineState: 0
engineRPM: 0
engineRPM: 0
engineState: 0
engineRPM: 0
engineRPM: 0
engineState: 0
engineRPM: 0
engineRPM: 0
engineState: 0
engineRPM: 0
engineRPM: 0
engineState: 0
engineRPM: 0
engineRPM: 0
flashState: 0
engineState: 0
engineRPM: 0
engineRPM: 0
engineState: 0
engineRPM: 0
engineRPM: 0
engineState: 0
engineRPM: 0
engineRPM: 0
engineState: 0
engineRPM: 0
engineRPM: 0
engineState: 0
engineRPM: 0
engineRPM: 0
flashState: 0
engineState: 0
engineRPM: 0
engineRPM: 0
engineState: 0
engineRPM: 0
engineRPM: 0
engineState: 0
engineRPM: 0
engineRPM: 0
engineState: 0
engineRPM: 0
engineRPM: 0
engineState: 0
engineRPM: 0
engineRPM: 0
flashState: 0
engineState: 0
engineRPM: 0
engineRPM: 0
engineState: 0
engineRPM: 0
engineRPM: 0
engineState: 0
engineRPM: 0
engineRPM: 0
engineState: 0
engineRPM: 0
engineRPM: 0
engineState: 0
engineRPM: 0
engineRPM: 0
flashState: 0
engineState: 0
engineRPM: 0
engineRPM: 0
engineState: 0
engineRPM: 0
engineRPM: 0
engineState: 0
engineRPM: 0
engineRPM: 0
engineState: 0
engineRPM: 0
engineRPM: 0
engineState: 0
engineRPM: 0
engineRPM: 0
flashState: 0
engineState: 0
engineRPM: 0
engineRPM: 0
engineState: 0
engineRPM: 0
engineRPM: 0
engineState: 0
engineRPM: 0
engineRPM: 0
engineState: 0
engineRPM: 0
engineRPM: 0
engineState: 0
engineRPM: 0
engineRPM: 0
flashState: 0
engineState: 0
engineRPM: 0
engineRPM: 0
engineState: 0
engineRPM: 0
engineRPM: 0
engineState: 0
engineRPM: 0
engineRPM: 0
engineState: 0
engineRPM: 0
engineRPM: 0
engineState: 0
engineRPM: 0
engineRPM: 0
flashState: 0
engineState: 0
engineRPM: 0
engineRPM: 0
engineState: 0
engineRPM: 0
engineRPM: 0
engineState: 0
engineRPM: 0
engineRPM: 0
engineState: 0
engineRPM: 0
engineRPM: 0
engineState: 0
engineRPM: 0
engineRPM: 0
flashState: 0
engineState: 0
engineRPM: 0
engineRPM: 0
engineState: 0
engineRPM: 0
engineRPM: 0
engineState: 0
engineRPM: 0
engineRPM: 0
engineState: 0
engineRPM: 0
engineRPM: 0
engineState: 0
engineRPM: 0
engineRPM: 0
flashState: 0
engineState: 0
engineRPM: 0
engineRPM: 0
engineState: 0
engineRPM: 0
engineRPM: 0
engineState: 0
engineRPM: 0
engineRPM: 0
engineState: 0
engineRPM: 0
engineRPM: 0
engineState: 0
engineRPM: 0
engineRPM: 0
flashState: 0
engineState: 0
engineRPM: 0
engineRPM: 0
engineState: 0
engineRPM: 0
engineRPM: 0
engineState: 0
engineRPM: 0
engineRPM: 0
engineState: 0
engineRPM: 0
engineRPM: 0
engineState: 0
engineRPM: 0
engineRPM: 0
flashState: 0
engineState: 0
engineRPM: 0
engineRPM: 0
engineState: 0
engineRPM: 0
engineRPM: 0
engineState: 0
engineRPM: 0
engineRPM: 0
engineState: 0
engineRPM: 0
engineRPM: 0
engineState: 0
engineRPM: 0
engineRPM: 0
flashState: 0
engineState: 0
engineRPM: 0
engineRPM: 0
engineState: 0
engineRPM: 0
engineRPM: 0
engineState: 0
engineRPM: 0
engineRPM: 0
engineState: 0
engineRPM: 0
engineRPM: 0
engineState: 0
engineRPM: 0
engineRPM: 0
flashState: 0
engineState: 0
engineRPM: 0
engineRPM: 0
engineState: 0
engineRPM: 0
engineRPM: 0
engineState: 0
engineRPM: 0
engineRPM: 0
engineState: 0
engineRPM: 0
engineRPM: 0
engineState: 0
engineRPM: 0
engineRPM: 0
flashState: 0
engineState: 0
engineRPM: 0
engineRPM: 0
engineState: 0
engineRPM: 0
engineRPM: 0
engineState: 0
engineRPM: 0
engineRPM: 0
engineState: 0
engineRPM: 0
engineRPM: 0
engineState: 0
engineRPM: 0
engineRPM: 0
flashState: 0
engineState: 0
engineRPM: 0
engineRPM: 0
engineState: 0
engineRPM: 0
engineRPM: 0
engineState: 0
engineRPM: 0
engineRPM: 0
engineState: 0
engineRPM: 0
engineRPM: 0
engineState: 0
engineRPM: 0
engineRPM: 0
flashState: 0
engineState: 0
engineRPM: 0
engineRPM: 0
engineState: 0
engineRPM: 0
engineRPM: 0
engineState: 0
engineRPM: 0
engineRPM: 0
engineState: 0
engineRPM: 0
engineRPM: 0
engineState: 0
engineRPM: 0
engineRPM: 0
flashState: 0
engineState: 0
engineRPM: 0
engineRPM: 0
engineState: 0
engineRPM: 0
engineRPM: 0
engineState: 0
engineRPM: 0
engineRPM: 0
engineState: 0
engineRPM: 0
engineRPM: 0
engineState: 0
engineRPM: 0
engineRPM: 0
flashState: 0
engineState: 0
engineRPM: 0
engineRPM: 0
engineState: 0
engineRPM: 0
engineRPM: 0
engineState: 0
engineRPM: 0
engineRPM: 0
engineState: 0
engineRPM: 0
engineRPM: 0
engineState: 0
engineRPM: 0
engineRPM: 0
flashState: 0
engineState: 0
engineRPM: 0
engineRPM: 0
engineState: 0
engineRPM: 0
engineRPM: 0
engineState: 0
engineRPM: 0
engineRPM: 0
engineState: 0
engineRPM: 0
engineRPM: 0
engineState: 0
engineRPM: 0
engineRPM: 0
flashState: 0
engineState: 0
engineRPM: 0
engineRPM: 0
engineState: 0
engineRPM: 0
engineRPM: 0
engineState: 0
engineRPM: 0
engineRPM: 0
engineState: 0
engineRPM: 0
engineRPM: 0
engineState: 0
engineRPM: 0
engineRPM: 0
flashState: 0
engineState: 0
engineRPM: 0
engineRPM: 0
engineState: 0
engineRPM: 0
engineRPM: 0
engineState: 0
engineRPM: 0
engineRPM: 0
engineState: 0
engineRPM: 0
engineRPM: 0
engineState: 0
engineRPM: 0
engineRPM: 0
flashState: 0
engineState: 0
engineRPM: 0
engineRPM: 0
engineState: 0
engineRPM: 0
engineRPM: 0
engineState: 0
engineRPM: 0
engineRPM: 0
engineState: 0
engineRPM: 0
engineRPM: 0
engineState: 0
engineRPM: 0
engineRPM: 0
flashState: 0
engineState: 0
engineRPM: 0
engineRPM: 0
engineState: 0
engineRPM: 0
engineRPM: 0
engineState: 0
engineRPM: 0
engineRPM: 0
engineState: 0
engineRPM: 0
engineRPM: 0
engineState: 0
engineRPM: 0
engineRPM: 0
flashState: 0
engineState: 0
engineRPM: 0
engineRPM: 0
engineState: 0
engineRPM: 0
engineRPM: 0
engineState: 0
en